#
# A fatal error has been detected by the Java Runtime Environment:
#
#  SIGSEGV (0xb) at pc=0x000000013b4b5c8c, pid=99031, tid=259
#
# JRE version: OpenJDK Runtime Environment JBR-11.0.12.7-1504.28-jcef (11.0.12+7) (build 11.0.12+7-b1504.28)
# Java VM: OpenJDK 64-Bit Server VM JBR-11.0.12.7-1504.28-jcef (11.0.12+7-b1504.28, mixed mode, tiered, compressed oops, g1 gc, bsd-amd64)
# Problematic frame:
# C  [libgdx-bullet64.dylib+0x19c8c]  btCollisionWorld::addCollisionObject(btCollisionObject*, int, int)+0x1ac
#
# No core dump will be written. Core dumps have been disabled. To enable core dumping, try "ulimit -c unlimited" before starting Java again
#
# If you would like to submit a bug report, please visit:
#   https://bugreport.java.com/bugreport/crash.jsp
# The crash happened outside the Java Virtual Machine in native code.
# See problematic frame for where to report the bug.
#

---------------  S U M M A R Y ------------

Command Line: -Dfile.encoding=UTF-8 -Duser.country=BR -Duser.language=en -Duser.variant quevedo.soares.leandro.kmine.desktop.DesktopLauncher

Host: MacBookPro16,1 x86_64 2600 MHz, 12 cores, 16G, Darwin 20.6.0
Time: Thu Sep 16 00:34:40 2021 -03 elapsed time: 0.974082 seconds (0d 0h 0m 0s)

---------------  T H R E A D  ---------------

Current thread (0x00007f9db380f800):  JavaThread "main" [_thread_in_native, id=259, stack(0x00007ffee142d000,0x00007ffee1c2d000)]

Stack: [0x00007ffee142d000,0x00007ffee1c2d000],  sp=0x00007ffee1c27020,  free space=8168k
Native frames: (J=compiled Java code, A=aot compiled Java code, j=interpreted, Vv=VM code, C=native code)
C  [libgdx-bullet64.dylib+0x19c8c]  btCollisionWorld::addCollisionObject(btCollisionObject*, int, int)+0x1ac
j  com.badlogic.gdx.physics.bullet.dynamics.DynamicsJNI.btDiscreteDynamicsWorld_addRigidBody__SWIG_1(JLcom/badlogic/gdx/physics/bullet/dynamics/btDiscreteDynamicsWorld;JLcom/badlogic/gdx/physics/bullet/dynamics/btRigidBody;II)V+0
j  com.badlogic.gdx.physics.bullet.dynamics.btDiscreteDynamicsWorld.addRigidBody(Lcom/badlogic/gdx/physics/bullet/dynamics/btRigidBody;II)V+12
j  quevedo.soares.leandro.kmine.core.Physics.addStaticEntity(Lquevedo/soares/leandro/kmine/core/PhysicsEntity;)V+28
j  quevedo.soares.leandro.kmine.core.World.setupModel()V+89
j  quevedo.soares.leandro.kmine.core.World.create()V+28
j  quevedo.soares.leandro.kmine.core.Game.create()V+18
j  com.badlogic.gdx.backends.lwjgl3.Lwjgl3Window.initializeListener()V+11
j  com.badlogic.gdx.backends.lwjgl3.Lwjgl3Window.update()Z+8
j  com.badlogic.gdx.backends.lwjgl3.Lwjgl3Application.loop()V+111
j  com.badlogic.gdx.backends.lwjgl3.Lwjgl3Application.<init>(Lcom/badlogic/gdx/ApplicationListener;Lcom/badlogic/gdx/backends/lwjgl3/Lwjgl3ApplicationConfiguration;)V+243
j  quevedo.soares.leandro.kmine.desktop.DesktopLauncher.main([Ljava/lang/String;)V+144
v  ~StubRoutines::call_stub
V  [libjvm.dylib+0x3b1b8e]  JavaCalls::call_helper(JavaValue*, methodHandle const&, JavaCallArguments*, Thread*)+0x21a
V  [libjvm.dylib+0x3f572f]  jni_invoke_static(JNIEnv_*, JavaValue*, _jobject*, JNICallType, _jmethodID*, JNI_ArgumentPusher*, Thread*)+0x11c
V  [libjvm.dylib+0x3f9047]  jni_CallStaticVoidMethod+0x1ce
C  [libjli.dylib+0x4846]  JavaMain+0xab0
C  [libjli.dylib+0x6def]  __JVMInit_block_invoke+0x4b
C  [Foundation+0x4249f]  __NSBLOCKOPERATION_IS_CALLING_OUT_TO_A_BLOCK__+0x7
C  [Foundation+0x42397]  -[NSBlockOperation main]+0x62
C  [Foundation+0x4232a]  __NSOPERATION_IS_INVOKING_MAIN__+0x11
C  [Foundation+0x415de]  -[NSOperation start]+0x311
C  [Foundation+0x80b81]  __NSThreadPerformPerform+0xcc
C  [CoreFoundation+0x8194c]  __CFRUNLOOP_IS_CALLING_OUT_TO_A_SOURCE0_PERFORM_FUNCTION__+0x11
C  [CoreFoundation+0x818b4]  __CFRunLoopDoSource0+0xb4
C  [CoreFoundation+0x81634]  __CFRunLoopDoSources0+0xf2
C  [CoreFoundation+0x8005c]  __CFRunLoopRun+0x37d
C  [CoreFoundation+0x7f61c]  CFRunLoopRunSpecific+0x233
C  [libjli.dylib+0x63d7]  CreateExecutionEnvironment+0x190
C  [libjli.dylib+0x255f]  JLI_Launch+0x51f
C  [java+0xda7]  main+0x177
C  [libdyld.dylib+0x15f3d]  start+0x1

Java frames: (J=compiled Java code, j=interpreted, Vv=VM code)
j  com.badlogic.gdx.physics.bullet.dynamics.DynamicsJNI.btDiscreteDynamicsWorld_addRigidBody__SWIG_1(JLcom/badlogic/gdx/physics/bullet/dynamics/btDiscreteDynamicsWorld;JLcom/badlogic/gdx/physics/bullet/dynamics/btRigidBody;II)V+0
j  com.badlogic.gdx.physics.bullet.dynamics.btDiscreteDynamicsWorld.addRigidBody(Lcom/badlogic/gdx/physics/bullet/dynamics/btRigidBody;II)V+12
j  quevedo.soares.leandro.kmine.core.Physics.addStaticEntity(Lquevedo/soares/leandro/kmine/core/PhysicsEntity;)V+28
j  quevedo.soares.leandro.kmine.core.World.setupModel()V+89
j  quevedo.soares.leandro.kmine.core.World.create()V+28
j  quevedo.soares.leandro.kmine.core.Game.create()V+18
j  com.badlogic.gdx.backends.lwjgl3.Lwjgl3Window.initializeListener()V+11
j  com.badlogic.gdx.backends.lwjgl3.Lwjgl3Window.update()Z+8
j  com.badlogic.gdx.backends.lwjgl3.Lwjgl3Application.loop()V+111
j  com.badlogic.gdx.backends.lwjgl3.Lwjgl3Application.<init>(Lcom/badlogic/gdx/ApplicationListener;Lcom/badlogic/gdx/backends/lwjgl3/Lwjgl3ApplicationConfiguration;)V+243
j  quevedo.soares.leandro.kmine.desktop.DesktopLauncher.main([Ljava/lang/String;)V+144
v  ~StubRoutines::call_stub

siginfo: si_signo: 11 (SIGSEGV), si_code: 1 (SEGV_MAPERR), si_addr: 0x000000100000039c

Register to memory mapping:

RAX=0x000000100000038c is an unknown value
RBX=0x00007f9dba731590 points into unknown readable memory: 0x000000013b794af8 | f8 4a 79 3b 01 00 00 00
RCX=0x0000000000000015 is an unknown value
RDX=0x00007ffee1c27040 is pointing into the stack for thread: 0x00007f9db380f800
RSP=0x00007ffee1c27020 is pointing into the stack for thread: 0x00007f9db380f800
RBP=0x00007ffee1c270c0 is pointing into the stack for thread: 0x00007f9db380f800
RSI=0x00007ffee1c27030 is pointing into the stack for thread: 0x00007f9db380f800
RDI=0x00007f9dbb52ccf0 points into unknown readable memory: 0x000000100000038c | 8c 03 00 00 10 00 00 00
R8 =0x00007f9db41a75a0 points into unknown readable memory: 0x000000013b794f48 | 48 4f 79 3b 01 00 00 00
R9 =0x0000000000000002 is an unknown value
R10=0x00000000ffffffef is an unknown value
R11=0x0 is NULL
R12=0x00007f9db41a75a0 points into unknown readable memory: 0x000000013b794f48 | 48 4f 79 3b 01 00 00 00
R13=0x00007ffee1c27030 is pointing into the stack for thread: 0x00007f9db380f800
R14=0x00007ffee1c27040 is pointing into the stack for thread: 0x00007f9db380f800
R15=0x0000000000000002 is an unknown value


Registers:
RAX=0x000000100000038c, RBX=0x00007f9dba731590, RCX=0x0000000000000015, RDX=0x00007ffee1c27040
RSP=0x00007ffee1c27020, RBP=0x00007ffee1c270c0, RSI=0x00007ffee1c27030, RDI=0x00007f9dbb52ccf0
R8 =0x00007f9db41a75a0, R9 =0x0000000000000002, R10=0x00000000ffffffef, R11=0x0000000000000000
R12=0x00007f9db41a75a0, R13=0x00007ffee1c27030, R14=0x00007ffee1c27040, R15=0x0000000000000002
RIP=0x000000013b4b5c8c, EFLAGS=0x0000000000010206, ERR=0x0000000000000004
  TRAPNO=0x000000000000000e

Top of Stack: (sp=0x00007ffee1c27020)
0x00007ffee1c27020:   0000000000000021 00007f9db3a21a00
0x00007ffee1c27030:   bf000000bf000000 00000000bf000000
0x00007ffee1c27040:   427e000041780000 0000000041780000
0x00007ffee1c27050:   000000003f800000 0000000000000000
0x00007ffee1c27060:   3f80000000000000 0000000000000000
0x00007ffee1c27070:   0000000000000000 000000003f800000
0x00007ffee1c27080:   0000000000000000 0000000000000000
0x00007ffee1c27090:   0000000000000021 000000013aaabb58
0x00007ffee1c270a0:   0000000000000000 000000013aaabb58
0x00007ffee1c270b0:   00007ffee1c271b0 00007f9db380f800
0x00007ffee1c270c0:   00007ffee1c27158 000000011d511a10
0x00007ffee1c270d0:   00007f9d00000002 0000000100000021
0x00007ffee1c270e0:   00007ffee1c271b0 00007f9db380f800
0x00007ffee1c270f0:   00007ffee1c27158 000000011d511750
0x00007ffee1c27100:   00000000b380f800 000000011d511716
0x00007ffee1c27110:   00007ffee1c27110 000000013aaabb58
0x00007ffee1c27120:   00007ffee1c271b0 000000013b989290
0x00007ffee1c27130:   0000000000000000 000000070e707b08
0x00007ffee1c27140:   000000013aaabb58 0000000000000000
0x00007ffee1c27150:   00007ffee1c27178 00007ffee1c27200
0x00007ffee1c27160:   000000011d50c267 000000070e707b08
0x00007ffee1c27170:   000000011d50eab8 0000000000000021
0x00007ffee1c27180:   0000000000000002 000000070ecb6fc0
0x00007ffee1c27190:   00007f9db41a75a0 0000000000000000
0x00007ffee1c271a0:   000000070e7e7850 00007f9dba731590
0x00007ffee1c271b0:   0000000000000000 00007ffee1c271b8
0x00007ffee1c271c0:   000000013b98fcb4 00007ffee1c27228
0x00007ffee1c271d0:   000000013a9df370 0000000000000000
0x00007ffee1c271e0:   000000070e7d2458 000000013b98fcf0
0x00007ffee1c271f0:   00007ffee1c27178 00007ffee1c27210
0x00007ffee1c27200:   00007ffee1c27278 000000011d50c267
0x00007ffee1c27210:   0000000000000021 0000000000000002 

Instructions: (pc=0x000000013b4b5c8c)
0x000000013b4b5b8c:   00 48 8b 73 18 48 8b 74 ce 08 49 89 74 cd 08 48
0x000000013b4b5b9c:   8b 73 18 48 8b 74 ce 10 49 89 74 cd 10 48 8b 73
0x000000013b4b5bac:   18 48 8b 74 ce 18 49 89 74 cd 18 48 83 c1 04 48
0x000000013b4b5bbc:   39 ca 75 c0 48 85 c0 74 20 66 2e 0f 1f 84 00 00
0x000000013b4b5bcc:   00 00 00 90 48 8b 53 18 48 8b 14 ca 49 89 54 cd
0x000000013b4b5bdc:   00 48 ff c1 48 ff c8 75 eb 48 8b 7b 18 48 85 ff
0x000000013b4b5bec:   74 13 80 7b 20 00 74 05 e8 87 e5 0e 00 48 c7 43
0x000000013b4b5bfc:   18 00 00 00 00 c6 43 20 01 4c 89 6b 18 44 89 73
0x000000013b4b5c0c:   10 8b 43 0c 48 8b 4b 18 48 98 4c 89 24 c1 ff 43
0x000000013b4b5c1c:   0c 41 0f 28 44 24 10 0f 29 45 90 41 0f 28 44 24
0x000000013b4b5c2c:   20 0f 29 45 a0 41 0f 28 44 24 30 0f 29 45 b0 41
0x000000013b4b5c3c:   0f 28 44 24 40 0f 29 45 c0 49 8b bc 24 d0 00 00
0x000000013b4b5c4c:   00 48 8b 07 48 8d 75 90 4c 8d ad 70 ff ff ff 4c
0x000000013b4b5c5c:   8d 75 80 4c 89 ea 4c 89 f1 ff 50 10 49 8b 84 24
0x000000013b4b5c6c:   d0 00 00 00 8b 48 08 48 8b 7b 60 48 8b 07 4c 89
0x000000013b4b5c7c:   ee 4c 89 f2 4d 89 e0 45 89 f9 ff 73 28 ff 75 d0
0x000000013b4b5c8c:   ff 50 10 48 83 c4 10 49 89 84 24 c8 00 00 00 48
0x000000013b4b5c9c:   83 c4 68 5b 41 5c 41 5d 41 5e 41 5f 5d c3 66 0f
0x000000013b4b5cac:   1f 44 00 00 55 48 89 e5 41 56 53 48 83 ec 50 48
0x000000013b4b5cbc:   89 f3 49 89 fe 48 8b be d0 00 00 00 48 8d 76 10
0x000000013b4b5ccc:   48 8b 07 48 8d 55 d0 48 8d 4d e0 ff 50 10 48 8d
0x000000013b4b5cdc:   05 bb 38 2e 00 66 0f 6e 10 66 0f 38 00 15 d2 fa
0x000000013b4b5cec:   21 00 0f 28 4d d0 0f 5c ca 0f 29 4d d0 0f 28 45
0x000000013b4b5cfc:   e0 0f 58 c2 0f 29 45 e0 41 80 7e 40 00 74 57 83
0x000000013b4b5d0c:   bb 18 01 00 00 02 75 4e f6 83 e8 00 00 00 03 75
0x000000013b4b5d1c:   45 48 8b bb d0 00 00 00 48 8d 73 50 48 8b 07 48
0x000000013b4b5d2c:   8d 55 a0 48 8d 4d b0 0f 29 55 c0 ff 50 10 0f 28
0x000000013b4b5d3c:   45 a0 0f 28 4d c0 0f 5c c1 0f 58 4d b0 0f 28 d1
0x000000013b4b5d4c:   0f 28 4d d0 0f 5d c8 0f 29 4d d0 0f 28 45 e0 0f
0x000000013b4b5d5c:   5f c2 0f 29 45 e0 49 8b 7e 60 f6 83 e8 00 00 00
0x000000013b4b5d6c:   01 75 2d 0f 5c c1 0f 57 c9 0f c6 c8 23 0f c6 c1
0x000000013b4b5d7c:   24 0f 59 c0 f3 0f 16 c8 f3 0f 58 c8 0f 12 c0 f3 


Stack slot to memory mapping:
stack at sp + 0 slots: 0x0000000000000021 is an unknown value
stack at sp + 1 slots: 0x00007f9db3a21a00 points into unknown readable memory: 0x000000013b790fe0 | e0 0f 79 3b 01 00 00 00
stack at sp + 2 slots: 0xbf000000bf000000 is an unknown value
stack at sp + 3 slots: 0x00000000bf000000 is an unknown value
stack at sp + 4 slots: 0x427e000041780000 is an unknown value
stack at sp + 5 slots: 0x0000000041780000 is an unknown value
stack at sp + 6 slots: 0x000000003f800000 is an unknown value
stack at sp + 7 slots: 0x0 is NULL


---------------  P R O C E S S  ---------------

Threads class SMR info:
_java_thread_list=0x00007f9db2515c60, length=9, elements={
0x00007f9db380f800, 0x00007f9db785a000, 0x00007f9db785b000, 0x00007f9db6892000,
0x00007f9db6882000, 0x00007f9db6883000, 0x00007f9db3019800, 0x00007f9db5053000,
0x00007f9db3034800
}

Java Threads: ( => current thread )
=>0x00007f9db380f800 JavaThread "main" [_thread_in_native, id=259, stack(0x00007ffee142d000,0x00007ffee1c2d000)]
  0x00007f9db785a000 JavaThread "Reference Handler" daemon [_thread_blocked, id=13571, stack(0x00007000043f8000,0x00007000044f8000)]
  0x00007f9db785b000 JavaThread "Finalizer" daemon [_thread_blocked, id=14083, stack(0x00007000044fb000,0x00007000045fb000)]
  0x00007f9db6892000 JavaThread "Signal Dispatcher" daemon [_thread_blocked, id=16643, stack(0x0000700004704000,0x0000700004804000)]
  0x00007f9db6882000 JavaThread "Service Thread" daemon [_thread_blocked, id=15875, stack(0x0000700004807000,0x0000700004907000)]
  0x00007f9db6883000 JavaThread "C2 CompilerThread0" daemon [_thread_in_native, id=22019, stack(0x000070000490a000,0x0000700004a0a000)]
  0x00007f9db3019800 JavaThread "C1 CompilerThread0" daemon [_thread_blocked, id=42499, stack(0x0000700004a0d000,0x0000700004b0d000)]
  0x00007f9db5053000 JavaThread "Sweeper thread" daemon [_thread_blocked, id=22787, stack(0x0000700004b10000,0x0000700004c10000)]
  0x00007f9db3034800 JavaThread "Common-Cleaner" daemon [_thread_blocked, id=41475, stack(0x0000700004d16000,0x0000700004e16000)]

Other Threads:
  0x00007f9db281c800 VMThread "VM Thread" [stack: 0x00007000042f5000,0x00007000043f5000] [id=13315]
  0x00007f9db686a000 WatcherThread [stack: 0x0000700004c13000,0x0000700004d13000] [id=23043]
  0x00007f9db501b000 GCTaskThread "GC Thread#0" [stack: 0x0000700003de6000,0x0000700003ee6000] [id=21251]
  0x00007f9db3a20000 GCTaskThread "GC Thread#1" [stack: 0x00007000053b1000,0x00007000054b1000] [id=66595]
  0x00007f9db3a21000 GCTaskThread "GC Thread#2" [stack: 0x00007000054b4000,0x00007000055b4000] [id=66051]
  0x00007f9db3a48800 GCTaskThread "GC Thread#3" [stack: 0x00007000055b7000,0x00007000056b7000] [id=87299]
  0x00007f9db3a49800 GCTaskThread "GC Thread#4" [stack: 0x00007000056ba000,0x00007000057ba000] [id=87811]
  0x00007f9db3a4a000 GCTaskThread "GC Thread#5" [stack: 0x00007000057bd000,0x00007000058bd000] [id=130819]
  0x00007f9db504f800 ConcurrentGCThread "G1 Main Marker" [stack: 0x0000700003ee9000,0x0000700003fe9000] [id=20995]
  0x00007f9db5050800 ConcurrentGCThread "G1 Conc#0" [stack: 0x0000700003fec000,0x00007000040ec000] [id=20227]
  0x00007f9db7843000 ConcurrentGCThread "G1 Refine#0" [stack: 0x00007000040ef000,0x00007000041ef000] [id=12291]
  0x00007f9db7843800 ConcurrentGCThread "G1 Young RemSet Sampling" [stack: 0x00007000041f2000,0x00007000042f2000] [id=19715]

Threads with active compile tasks:
C2 CompilerThread0    980  963       4       quevedo.soares.leandro.kmine.core.utils.ExtensionsKt::add (77 bytes)

VM state:not at safepoint (normal execution)

VM Mutex/Monitor currently owned by a thread: None

Heap address: 0x0000000700000000, size: 4096 MB, Compressed Oops mode: Zero based, Oop shift amount: 3
Narrow klass base: 0x0000000800000000, Narrow klass shift: 0
Compressed class space size: 1073741824 Address: 0x0000000800000000

Heap:
 garbage-first heap   total 262144K, used 23344K [0x0000000700000000, 0x0000000800000000)
  region size 1024K, 23 young (23552K), 3 survivors (3072K)
 Metaspace       used 14542K, capacity 14755K, committed 15232K, reserved 1062912K
  class space    used 1028K, capacity 1086K, committed 1152K, reserved 1048576K
Heap Regions: E=young(eden), S=young(survivor), O=old, HS=humongous(starts), HC=humongous(continues), CS=collection set, F=free, A=archive, TAMS=top-at-mark-start (previous, next)
|   0|0x0000000700000000, 0x0000000700100000, 0x0000000700100000|100%|HS|  |TAMS 0x0000000700000000, 0x0000000700000000| Complete 
|   1|0x0000000700100000, 0x0000000700100000, 0x0000000700200000|  0%| F|  |TAMS 0x0000000700100000, 0x0000000700100000| Untracked 
|   2|0x0000000700200000, 0x0000000700200000, 0x0000000700300000|  0%| F|  |TAMS 0x0000000700200000, 0x0000000700200000| Untracked 
|   3|0x0000000700300000, 0x0000000700300000, 0x0000000700400000|  0%| F|  |TAMS 0x0000000700300000, 0x0000000700300000| Untracked 
|   4|0x0000000700400000, 0x0000000700400000, 0x0000000700500000|  0%| F|  |TAMS 0x0000000700400000, 0x0000000700400000| Untracked 
|   5|0x0000000700500000, 0x0000000700500000, 0x0000000700600000|  0%| F|  |TAMS 0x0000000700500000, 0x0000000700500000| Untracked 
|   6|0x0000000700600000, 0x0000000700600000, 0x0000000700700000|  0%| F|  |TAMS 0x0000000700600000, 0x0000000700600000| Untracked 
|   7|0x0000000700700000, 0x0000000700700000, 0x0000000700800000|  0%| F|  |TAMS 0x0000000700700000, 0x0000000700700000| Untracked 
|   8|0x0000000700800000, 0x0000000700800000, 0x0000000700900000|  0%| F|  |TAMS 0x0000000700800000, 0x0000000700800000| Untracked 
|   9|0x0000000700900000, 0x0000000700900000, 0x0000000700a00000|  0%| F|  |TAMS 0x0000000700900000, 0x0000000700900000| Untracked 
|  10|0x0000000700a00000, 0x0000000700a00000, 0x0000000700b00000|  0%| F|  |TAMS 0x0000000700a00000, 0x0000000700a00000| Untracked 
|  11|0x0000000700b00000, 0x0000000700b00000, 0x0000000700c00000|  0%| F|  |TAMS 0x0000000700b00000, 0x0000000700b00000| Untracked 
|  12|0x0000000700c00000, 0x0000000700c00000, 0x0000000700d00000|  0%| F|  |TAMS 0x0000000700c00000, 0x0000000700c00000| Untracked 
|  13|0x0000000700d00000, 0x0000000700d00000, 0x0000000700e00000|  0%| F|  |TAMS 0x0000000700d00000, 0x0000000700d00000| Untracked 
|  14|0x0000000700e00000, 0x0000000700e00000, 0x0000000700f00000|  0%| F|  |TAMS 0x0000000700e00000, 0x0000000700e00000| Untracked 
|  15|0x0000000700f00000, 0x0000000700f00000, 0x0000000701000000|  0%| F|  |TAMS 0x0000000700f00000, 0x0000000700f00000| Untracked 
|  16|0x0000000701000000, 0x0000000701000000, 0x0000000701100000|  0%| F|  |TAMS 0x0000000701000000, 0x0000000701000000| Untracked 
|  17|0x0000000701100000, 0x0000000701100000, 0x0000000701200000|  0%| F|  |TAMS 0x0000000701100000, 0x0000000701100000| Untracked 
|  18|0x0000000701200000, 0x0000000701200000, 0x0000000701300000|  0%| F|  |TAMS 0x0000000701200000, 0x0000000701200000| Untracked 
|  19|0x0000000701300000, 0x0000000701300000, 0x0000000701400000|  0%| F|  |TAMS 0x0000000701300000, 0x0000000701300000| Untracked 
|  20|0x0000000701400000, 0x0000000701400000, 0x0000000701500000|  0%| F|  |TAMS 0x0000000701400000, 0x0000000701400000| Untracked 
|  21|0x0000000701500000, 0x0000000701500000, 0x0000000701600000|  0%| F|  |TAMS 0x0000000701500000, 0x0000000701500000| Untracked 
|  22|0x0000000701600000, 0x0000000701600000, 0x0000000701700000|  0%| F|  |TAMS 0x0000000701600000, 0x0000000701600000| Untracked 
|  23|0x0000000701700000, 0x0000000701700000, 0x0000000701800000|  0%| F|  |TAMS 0x0000000701700000, 0x0000000701700000| Untracked 
|  24|0x0000000701800000, 0x0000000701800000, 0x0000000701900000|  0%| F|  |TAMS 0x0000000701800000, 0x0000000701800000| Untracked 
|  25|0x0000000701900000, 0x0000000701900000, 0x0000000701a00000|  0%| F|  |TAMS 0x0000000701900000, 0x0000000701900000| Untracked 
|  26|0x0000000701a00000, 0x0000000701a00000, 0x0000000701b00000|  0%| F|  |TAMS 0x0000000701a00000, 0x0000000701a00000| Untracked 
|  27|0x0000000701b00000, 0x0000000701b00000, 0x0000000701c00000|  0%| F|  |TAMS 0x0000000701b00000, 0x0000000701b00000| Untracked 
|  28|0x0000000701c00000, 0x0000000701c00000, 0x0000000701d00000|  0%| F|  |TAMS 0x0000000701c00000, 0x0000000701c00000| Untracked 
|  29|0x0000000701d00000, 0x0000000701d00000, 0x0000000701e00000|  0%| F|  |TAMS 0x0000000701d00000, 0x0000000701d00000| Untracked 
|  30|0x0000000701e00000, 0x0000000701e00000, 0x0000000701f00000|  0%| F|  |TAMS 0x0000000701e00000, 0x0000000701e00000| Untracked 
|  31|0x0000000701f00000, 0x0000000701f00000, 0x0000000702000000|  0%| F|  |TAMS 0x0000000701f00000, 0x0000000701f00000| Untracked 
|  32|0x0000000702000000, 0x0000000702000000, 0x0000000702100000|  0%| F|  |TAMS 0x0000000702000000, 0x0000000702000000| Untracked 
|  33|0x0000000702100000, 0x0000000702100000, 0x0000000702200000|  0%| F|  |TAMS 0x0000000702100000, 0x0000000702100000| Untracked 
|  34|0x0000000702200000, 0x0000000702200000, 0x0000000702300000|  0%| F|  |TAMS 0x0000000702200000, 0x0000000702200000| Untracked 
|  35|0x0000000702300000, 0x0000000702300000, 0x0000000702400000|  0%| F|  |TAMS 0x0000000702300000, 0x0000000702300000| Untracked 
|  36|0x0000000702400000, 0x0000000702400000, 0x0000000702500000|  0%| F|  |TAMS 0x0000000702400000, 0x0000000702400000| Untracked 
|  37|0x0000000702500000, 0x0000000702500000, 0x0000000702600000|  0%| F|  |TAMS 0x0000000702500000, 0x0000000702500000| Untracked 
|  38|0x0000000702600000, 0x0000000702600000, 0x0000000702700000|  0%| F|  |TAMS 0x0000000702600000, 0x0000000702600000| Untracked 
|  39|0x0000000702700000, 0x0000000702700000, 0x0000000702800000|  0%| F|  |TAMS 0x0000000702700000, 0x0000000702700000| Untracked 
|  40|0x0000000702800000, 0x0000000702800000, 0x0000000702900000|  0%| F|  |TAMS 0x0000000702800000, 0x0000000702800000| Untracked 
|  41|0x0000000702900000, 0x0000000702900000, 0x0000000702a00000|  0%| F|  |TAMS 0x0000000702900000, 0x0000000702900000| Untracked 
|  42|0x0000000702a00000, 0x0000000702a00000, 0x0000000702b00000|  0%| F|  |TAMS 0x0000000702a00000, 0x0000000702a00000| Untracked 
|  43|0x0000000702b00000, 0x0000000702b00000, 0x0000000702c00000|  0%| F|  |TAMS 0x0000000702b00000, 0x0000000702b00000| Untracked 
|  44|0x0000000702c00000, 0x0000000702c00000, 0x0000000702d00000|  0%| F|  |TAMS 0x0000000702c00000, 0x0000000702c00000| Untracked 
|  45|0x0000000702d00000, 0x0000000702d00000, 0x0000000702e00000|  0%| F|  |TAMS 0x0000000702d00000, 0x0000000702d00000| Untracked 
|  46|0x0000000702e00000, 0x0000000702e00000, 0x0000000702f00000|  0%| F|  |TAMS 0x0000000702e00000, 0x0000000702e00000| Untracked 
|  47|0x0000000702f00000, 0x0000000702f00000, 0x0000000703000000|  0%| F|  |TAMS 0x0000000702f00000, 0x0000000702f00000| Untracked 
|  48|0x0000000703000000, 0x0000000703000000, 0x0000000703100000|  0%| F|  |TAMS 0x0000000703000000, 0x0000000703000000| Untracked 
|  49|0x0000000703100000, 0x0000000703100000, 0x0000000703200000|  0%| F|  |TAMS 0x0000000703100000, 0x0000000703100000| Untracked 
|  50|0x0000000703200000, 0x0000000703200000, 0x0000000703300000|  0%| F|  |TAMS 0x0000000703200000, 0x0000000703200000| Untracked 
|  51|0x0000000703300000, 0x0000000703300000, 0x0000000703400000|  0%| F|  |TAMS 0x0000000703300000, 0x0000000703300000| Untracked 
|  52|0x0000000703400000, 0x0000000703400000, 0x0000000703500000|  0%| F|  |TAMS 0x0000000703400000, 0x0000000703400000| Untracked 
|  53|0x0000000703500000, 0x0000000703500000, 0x0000000703600000|  0%| F|  |TAMS 0x0000000703500000, 0x0000000703500000| Untracked 
|  54|0x0000000703600000, 0x0000000703600000, 0x0000000703700000|  0%| F|  |TAMS 0x0000000703600000, 0x0000000703600000| Untracked 
|  55|0x0000000703700000, 0x0000000703700000, 0x0000000703800000|  0%| F|  |TAMS 0x0000000703700000, 0x0000000703700000| Untracked 
|  56|0x0000000703800000, 0x0000000703800000, 0x0000000703900000|  0%| F|  |TAMS 0x0000000703800000, 0x0000000703800000| Untracked 
|  57|0x0000000703900000, 0x0000000703900000, 0x0000000703a00000|  0%| F|  |TAMS 0x0000000703900000, 0x0000000703900000| Untracked 
|  58|0x0000000703a00000, 0x0000000703a00000, 0x0000000703b00000|  0%| F|  |TAMS 0x0000000703a00000, 0x0000000703a00000| Untracked 
|  59|0x0000000703b00000, 0x0000000703b00000, 0x0000000703c00000|  0%| F|  |TAMS 0x0000000703b00000, 0x0000000703b00000| Untracked 
|  60|0x0000000703c00000, 0x0000000703c00000, 0x0000000703d00000|  0%| F|  |TAMS 0x0000000703c00000, 0x0000000703c00000| Untracked 
|  61|0x0000000703d00000, 0x0000000703d00000, 0x0000000703e00000|  0%| F|  |TAMS 0x0000000703d00000, 0x0000000703d00000| Untracked 
|  62|0x0000000703e00000, 0x0000000703e00000, 0x0000000703f00000|  0%| F|  |TAMS 0x0000000703e00000, 0x0000000703e00000| Untracked 
|  63|0x0000000703f00000, 0x0000000703f00000, 0x0000000704000000|  0%| F|  |TAMS 0x0000000703f00000, 0x0000000703f00000| Untracked 
|  64|0x0000000704000000, 0x0000000704000000, 0x0000000704100000|  0%| F|  |TAMS 0x0000000704000000, 0x0000000704000000| Untracked 
|  65|0x0000000704100000, 0x0000000704100000, 0x0000000704200000|  0%| F|  |TAMS 0x0000000704100000, 0x0000000704100000| Untracked 
|  66|0x0000000704200000, 0x0000000704200000, 0x0000000704300000|  0%| F|  |TAMS 0x0000000704200000, 0x0000000704200000| Untracked 
|  67|0x0000000704300000, 0x0000000704300000, 0x0000000704400000|  0%| F|  |TAMS 0x0000000704300000, 0x0000000704300000| Untracked 
|  68|0x0000000704400000, 0x0000000704400000, 0x0000000704500000|  0%| F|  |TAMS 0x0000000704400000, 0x0000000704400000| Untracked 
|  69|0x0000000704500000, 0x0000000704500000, 0x0000000704600000|  0%| F|  |TAMS 0x0000000704500000, 0x0000000704500000| Untracked 
|  70|0x0000000704600000, 0x0000000704600000, 0x0000000704700000|  0%| F|  |TAMS 0x0000000704600000, 0x0000000704600000| Untracked 
|  71|0x0000000704700000, 0x0000000704700000, 0x0000000704800000|  0%| F|  |TAMS 0x0000000704700000, 0x0000000704700000| Untracked 
|  72|0x0000000704800000, 0x0000000704800000, 0x0000000704900000|  0%| F|  |TAMS 0x0000000704800000, 0x0000000704800000| Untracked 
|  73|0x0000000704900000, 0x0000000704900000, 0x0000000704a00000|  0%| F|  |TAMS 0x0000000704900000, 0x0000000704900000| Untracked 
|  74|0x0000000704a00000, 0x0000000704a00000, 0x0000000704b00000|  0%| F|  |TAMS 0x0000000704a00000, 0x0000000704a00000| Untracked 
|  75|0x0000000704b00000, 0x0000000704b00000, 0x0000000704c00000|  0%| F|  |TAMS 0x0000000704b00000, 0x0000000704b00000| Untracked 
|  76|0x0000000704c00000, 0x0000000704c00000, 0x0000000704d00000|  0%| F|  |TAMS 0x0000000704c00000, 0x0000000704c00000| Untracked 
|  77|0x0000000704d00000, 0x0000000704d00000, 0x0000000704e00000|  0%| F|  |TAMS 0x0000000704d00000, 0x0000000704d00000| Untracked 
|  78|0x0000000704e00000, 0x0000000704e00000, 0x0000000704f00000|  0%| F|  |TAMS 0x0000000704e00000, 0x0000000704e00000| Untracked 
|  79|0x0000000704f00000, 0x0000000704f00000, 0x0000000705000000|  0%| F|  |TAMS 0x0000000704f00000, 0x0000000704f00000| Untracked 
|  80|0x0000000705000000, 0x0000000705000000, 0x0000000705100000|  0%| F|  |TAMS 0x0000000705000000, 0x0000000705000000| Untracked 
|  81|0x0000000705100000, 0x0000000705100000, 0x0000000705200000|  0%| F|  |TAMS 0x0000000705100000, 0x0000000705100000| Untracked 
|  82|0x0000000705200000, 0x0000000705200000, 0x0000000705300000|  0%| F|  |TAMS 0x0000000705200000, 0x0000000705200000| Untracked 
|  83|0x0000000705300000, 0x0000000705300000, 0x0000000705400000|  0%| F|  |TAMS 0x0000000705300000, 0x0000000705300000| Untracked 
|  84|0x0000000705400000, 0x0000000705400000, 0x0000000705500000|  0%| F|  |TAMS 0x0000000705400000, 0x0000000705400000| Untracked 
|  85|0x0000000705500000, 0x0000000705500000, 0x0000000705600000|  0%| F|  |TAMS 0x0000000705500000, 0x0000000705500000| Untracked 
|  86|0x0000000705600000, 0x0000000705600000, 0x0000000705700000|  0%| F|  |TAMS 0x0000000705600000, 0x0000000705600000| Untracked 
|  87|0x0000000705700000, 0x0000000705700000, 0x0000000705800000|  0%| F|  |TAMS 0x0000000705700000, 0x0000000705700000| Untracked 
|  88|0x0000000705800000, 0x0000000705800000, 0x0000000705900000|  0%| F|  |TAMS 0x0000000705800000, 0x0000000705800000| Untracked 
|  89|0x0000000705900000, 0x0000000705900000, 0x0000000705a00000|  0%| F|  |TAMS 0x0000000705900000, 0x0000000705900000| Untracked 
|  90|0x0000000705a00000, 0x0000000705a00000, 0x0000000705b00000|  0%| F|  |TAMS 0x0000000705a00000, 0x0000000705a00000| Untracked 
|  91|0x0000000705b00000, 0x0000000705b00000, 0x0000000705c00000|  0%| F|  |TAMS 0x0000000705b00000, 0x0000000705b00000| Untracked 
|  92|0x0000000705c00000, 0x0000000705c00000, 0x0000000705d00000|  0%| F|  |TAMS 0x0000000705c00000, 0x0000000705c00000| Untracked 
|  93|0x0000000705d00000, 0x0000000705d00000, 0x0000000705e00000|  0%| F|  |TAMS 0x0000000705d00000, 0x0000000705d00000| Untracked 
|  94|0x0000000705e00000, 0x0000000705e00000, 0x0000000705f00000|  0%| F|  |TAMS 0x0000000705e00000, 0x0000000705e00000| Untracked 
|  95|0x0000000705f00000, 0x0000000705f00000, 0x0000000706000000|  0%| F|  |TAMS 0x0000000705f00000, 0x0000000705f00000| Untracked 
|  96|0x0000000706000000, 0x0000000706000000, 0x0000000706100000|  0%| F|  |TAMS 0x0000000706000000, 0x0000000706000000| Untracked 
|  97|0x0000000706100000, 0x0000000706100000, 0x0000000706200000|  0%| F|  |TAMS 0x0000000706100000, 0x0000000706100000| Untracked 
|  98|0x0000000706200000, 0x0000000706200000, 0x0000000706300000|  0%| F|  |TAMS 0x0000000706200000, 0x0000000706200000| Untracked 
|  99|0x0000000706300000, 0x0000000706300000, 0x0000000706400000|  0%| F|  |TAMS 0x0000000706300000, 0x0000000706300000| Untracked 
| 100|0x0000000706400000, 0x0000000706400000, 0x0000000706500000|  0%| F|  |TAMS 0x0000000706400000, 0x0000000706400000| Untracked 
| 101|0x0000000706500000, 0x0000000706500000, 0x0000000706600000|  0%| F|  |TAMS 0x0000000706500000, 0x0000000706500000| Untracked 
| 102|0x0000000706600000, 0x0000000706600000, 0x0000000706700000|  0%| F|  |TAMS 0x0000000706600000, 0x0000000706600000| Untracked 
| 103|0x0000000706700000, 0x0000000706700000, 0x0000000706800000|  0%| F|  |TAMS 0x0000000706700000, 0x0000000706700000| Untracked 
| 104|0x0000000706800000, 0x0000000706800000, 0x0000000706900000|  0%| F|  |TAMS 0x0000000706800000, 0x0000000706800000| Untracked 
| 105|0x0000000706900000, 0x0000000706900000, 0x0000000706a00000|  0%| F|  |TAMS 0x0000000706900000, 0x0000000706900000| Untracked 
| 106|0x0000000706a00000, 0x0000000706a00000, 0x0000000706b00000|  0%| F|  |TAMS 0x0000000706a00000, 0x0000000706a00000| Untracked 
| 107|0x0000000706b00000, 0x0000000706b00000, 0x0000000706c00000|  0%| F|  |TAMS 0x0000000706b00000, 0x0000000706b00000| Untracked 
| 108|0x0000000706c00000, 0x0000000706c00000, 0x0000000706d00000|  0%| F|  |TAMS 0x0000000706c00000, 0x0000000706c00000| Untracked 
| 109|0x0000000706d00000, 0x0000000706d00000, 0x0000000706e00000|  0%| F|  |TAMS 0x0000000706d00000, 0x0000000706d00000| Untracked 
| 110|0x0000000706e00000, 0x0000000706e00000, 0x0000000706f00000|  0%| F|  |TAMS 0x0000000706e00000, 0x0000000706e00000| Untracked 
| 111|0x0000000706f00000, 0x0000000706f00000, 0x0000000707000000|  0%| F|  |TAMS 0x0000000706f00000, 0x0000000706f00000| Untracked 
| 112|0x0000000707000000, 0x0000000707000000, 0x0000000707100000|  0%| F|  |TAMS 0x0000000707000000, 0x0000000707000000| Untracked 
| 113|0x0000000707100000, 0x0000000707100000, 0x0000000707200000|  0%| F|  |TAMS 0x0000000707100000, 0x0000000707100000| Untracked 
| 114|0x0000000707200000, 0x0000000707200000, 0x0000000707300000|  0%| F|  |TAMS 0x0000000707200000, 0x0000000707200000| Untracked 
| 115|0x0000000707300000, 0x0000000707300000, 0x0000000707400000|  0%| F|  |TAMS 0x0000000707300000, 0x0000000707300000| Untracked 
| 116|0x0000000707400000, 0x0000000707400000, 0x0000000707500000|  0%| F|  |TAMS 0x0000000707400000, 0x0000000707400000| Untracked 
| 117|0x0000000707500000, 0x0000000707500000, 0x0000000707600000|  0%| F|  |TAMS 0x0000000707500000, 0x0000000707500000| Untracked 
| 118|0x0000000707600000, 0x0000000707600000, 0x0000000707700000|  0%| F|  |TAMS 0x0000000707600000, 0x0000000707600000| Untracked 
| 119|0x0000000707700000, 0x0000000707700000, 0x0000000707800000|  0%| F|  |TAMS 0x0000000707700000, 0x0000000707700000| Untracked 
| 120|0x0000000707800000, 0x0000000707800000, 0x0000000707900000|  0%| F|  |TAMS 0x0000000707800000, 0x0000000707800000| Untracked 
| 121|0x0000000707900000, 0x0000000707900000, 0x0000000707a00000|  0%| F|  |TAMS 0x0000000707900000, 0x0000000707900000| Untracked 
| 122|0x0000000707a00000, 0x0000000707a00000, 0x0000000707b00000|  0%| F|  |TAMS 0x0000000707a00000, 0x0000000707a00000| Untracked 
| 123|0x0000000707b00000, 0x0000000707b00000, 0x0000000707c00000|  0%| F|  |TAMS 0x0000000707b00000, 0x0000000707b00000| Untracked 
| 124|0x0000000707c00000, 0x0000000707c00000, 0x0000000707d00000|  0%| F|  |TAMS 0x0000000707c00000, 0x0000000707c00000| Untracked 
| 125|0x0000000707d00000, 0x0000000707d00000, 0x0000000707e00000|  0%| F|  |TAMS 0x0000000707d00000, 0x0000000707d00000| Untracked 
| 126|0x0000000707e00000, 0x0000000707e00000, 0x0000000707f00000|  0%| F|  |TAMS 0x0000000707e00000, 0x0000000707e00000| Untracked 
| 127|0x0000000707f00000, 0x0000000707f00000, 0x0000000708000000|  0%| F|  |TAMS 0x0000000707f00000, 0x0000000707f00000| Untracked 
| 128|0x0000000708000000, 0x0000000708000000, 0x0000000708100000|  0%| F|  |TAMS 0x0000000708000000, 0x0000000708000000| Untracked 
| 129|0x0000000708100000, 0x0000000708100000, 0x0000000708200000|  0%| F|  |TAMS 0x0000000708100000, 0x0000000708100000| Untracked 
| 130|0x0000000708200000, 0x0000000708200000, 0x0000000708300000|  0%| F|  |TAMS 0x0000000708200000, 0x0000000708200000| Untracked 
| 131|0x0000000708300000, 0x0000000708300000, 0x0000000708400000|  0%| F|  |TAMS 0x0000000708300000, 0x0000000708300000| Untracked 
| 132|0x0000000708400000, 0x0000000708400000, 0x0000000708500000|  0%| F|  |TAMS 0x0000000708400000, 0x0000000708400000| Untracked 
| 133|0x0000000708500000, 0x0000000708500000, 0x0000000708600000|  0%| F|  |TAMS 0x0000000708500000, 0x0000000708500000| Untracked 
| 134|0x0000000708600000, 0x0000000708600000, 0x0000000708700000|  0%| F|  |TAMS 0x0000000708600000, 0x0000000708600000| Untracked 
| 135|0x0000000708700000, 0x0000000708700000, 0x0000000708800000|  0%| F|  |TAMS 0x0000000708700000, 0x0000000708700000| Untracked 
| 136|0x0000000708800000, 0x0000000708800000, 0x0000000708900000|  0%| F|  |TAMS 0x0000000708800000, 0x0000000708800000| Untracked 
| 137|0x0000000708900000, 0x0000000708900000, 0x0000000708a00000|  0%| F|  |TAMS 0x0000000708900000, 0x0000000708900000| Untracked 
| 138|0x0000000708a00000, 0x0000000708a00000, 0x0000000708b00000|  0%| F|  |TAMS 0x0000000708a00000, 0x0000000708a00000| Untracked 
| 139|0x0000000708b00000, 0x0000000708b00000, 0x0000000708c00000|  0%| F|  |TAMS 0x0000000708b00000, 0x0000000708b00000| Untracked 
| 140|0x0000000708c00000, 0x0000000708c00000, 0x0000000708d00000|  0%| F|  |TAMS 0x0000000708c00000, 0x0000000708c00000| Untracked 
| 141|0x0000000708d00000, 0x0000000708d00000, 0x0000000708e00000|  0%| F|  |TAMS 0x0000000708d00000, 0x0000000708d00000| Untracked 
| 142|0x0000000708e00000, 0x0000000708e00000, 0x0000000708f00000|  0%| F|  |TAMS 0x0000000708e00000, 0x0000000708e00000| Untracked 
| 143|0x0000000708f00000, 0x0000000708f00000, 0x0000000709000000|  0%| F|  |TAMS 0x0000000708f00000, 0x0000000708f00000| Untracked 
| 144|0x0000000709000000, 0x0000000709000000, 0x0000000709100000|  0%| F|  |TAMS 0x0000000709000000, 0x0000000709000000| Untracked 
| 145|0x0000000709100000, 0x0000000709100000, 0x0000000709200000|  0%| F|  |TAMS 0x0000000709100000, 0x0000000709100000| Untracked 
| 146|0x0000000709200000, 0x0000000709200000, 0x0000000709300000|  0%| F|  |TAMS 0x0000000709200000, 0x0000000709200000| Untracked 
| 147|0x0000000709300000, 0x0000000709300000, 0x0000000709400000|  0%| F|  |TAMS 0x0000000709300000, 0x0000000709300000| Untracked 
| 148|0x0000000709400000, 0x0000000709400000, 0x0000000709500000|  0%| F|  |TAMS 0x0000000709400000, 0x0000000709400000| Untracked 
| 149|0x0000000709500000, 0x0000000709500000, 0x0000000709600000|  0%| F|  |TAMS 0x0000000709500000, 0x0000000709500000| Untracked 
| 150|0x0000000709600000, 0x0000000709600000, 0x0000000709700000|  0%| F|  |TAMS 0x0000000709600000, 0x0000000709600000| Untracked 
| 151|0x0000000709700000, 0x0000000709700000, 0x0000000709800000|  0%| F|  |TAMS 0x0000000709700000, 0x0000000709700000| Untracked 
| 152|0x0000000709800000, 0x0000000709800000, 0x0000000709900000|  0%| F|  |TAMS 0x0000000709800000, 0x0000000709800000| Untracked 
| 153|0x0000000709900000, 0x0000000709900000, 0x0000000709a00000|  0%| F|  |TAMS 0x0000000709900000, 0x0000000709900000| Untracked 
| 154|0x0000000709a00000, 0x0000000709a00000, 0x0000000709b00000|  0%| F|  |TAMS 0x0000000709a00000, 0x0000000709a00000| Untracked 
| 155|0x0000000709b00000, 0x0000000709b00000, 0x0000000709c00000|  0%| F|  |TAMS 0x0000000709b00000, 0x0000000709b00000| Untracked 
| 156|0x0000000709c00000, 0x0000000709c00000, 0x0000000709d00000|  0%| F|  |TAMS 0x0000000709c00000, 0x0000000709c00000| Untracked 
| 157|0x0000000709d00000, 0x0000000709d00000, 0x0000000709e00000|  0%| F|  |TAMS 0x0000000709d00000, 0x0000000709d00000| Untracked 
| 158|0x0000000709e00000, 0x0000000709e00000, 0x0000000709f00000|  0%| F|  |TAMS 0x0000000709e00000, 0x0000000709e00000| Untracked 
| 159|0x0000000709f00000, 0x0000000709f00000, 0x000000070a000000|  0%| F|  |TAMS 0x0000000709f00000, 0x0000000709f00000| Untracked 
| 160|0x000000070a000000, 0x000000070a000000, 0x000000070a100000|  0%| F|  |TAMS 0x000000070a000000, 0x000000070a000000| Untracked 
| 161|0x000000070a100000, 0x000000070a100000, 0x000000070a200000|  0%| F|  |TAMS 0x000000070a100000, 0x000000070a100000| Untracked 
| 162|0x000000070a200000, 0x000000070a200000, 0x000000070a300000|  0%| F|  |TAMS 0x000000070a200000, 0x000000070a200000| Untracked 
| 163|0x000000070a300000, 0x000000070a300000, 0x000000070a400000|  0%| F|  |TAMS 0x000000070a300000, 0x000000070a300000| Untracked 
| 164|0x000000070a400000, 0x000000070a400000, 0x000000070a500000|  0%| F|  |TAMS 0x000000070a400000, 0x000000070a400000| Untracked 
| 165|0x000000070a500000, 0x000000070a500000, 0x000000070a600000|  0%| F|  |TAMS 0x000000070a500000, 0x000000070a500000| Untracked 
| 166|0x000000070a600000, 0x000000070a600000, 0x000000070a700000|  0%| F|  |TAMS 0x000000070a600000, 0x000000070a600000| Untracked 
| 167|0x000000070a700000, 0x000000070a700000, 0x000000070a800000|  0%| F|  |TAMS 0x000000070a700000, 0x000000070a700000| Untracked 
| 168|0x000000070a800000, 0x000000070a800000, 0x000000070a900000|  0%| F|  |TAMS 0x000000070a800000, 0x000000070a800000| Untracked 
| 169|0x000000070a900000, 0x000000070a900000, 0x000000070aa00000|  0%| F|  |TAMS 0x000000070a900000, 0x000000070a900000| Untracked 
| 170|0x000000070aa00000, 0x000000070aa00000, 0x000000070ab00000|  0%| F|  |TAMS 0x000000070aa00000, 0x000000070aa00000| Untracked 
| 171|0x000000070ab00000, 0x000000070ab00000, 0x000000070ac00000|  0%| F|  |TAMS 0x000000070ab00000, 0x000000070ab00000| Untracked 
| 172|0x000000070ac00000, 0x000000070ac00000, 0x000000070ad00000|  0%| F|  |TAMS 0x000000070ac00000, 0x000000070ac00000| Untracked 
| 173|0x000000070ad00000, 0x000000070ad00000, 0x000000070ae00000|  0%| F|  |TAMS 0x000000070ad00000, 0x000000070ad00000| Untracked 
| 174|0x000000070ae00000, 0x000000070ae00000, 0x000000070af00000|  0%| F|  |TAMS 0x000000070ae00000, 0x000000070ae00000| Untracked 
| 175|0x000000070af00000, 0x000000070af00000, 0x000000070b000000|  0%| F|  |TAMS 0x000000070af00000, 0x000000070af00000| Untracked 
| 176|0x000000070b000000, 0x000000070b000000, 0x000000070b100000|  0%| F|  |TAMS 0x000000070b000000, 0x000000070b000000| Untracked 
| 177|0x000000070b100000, 0x000000070b100000, 0x000000070b200000|  0%| F|  |TAMS 0x000000070b100000, 0x000000070b100000| Untracked 
| 178|0x000000070b200000, 0x000000070b200000, 0x000000070b300000|  0%| F|  |TAMS 0x000000070b200000, 0x000000070b200000| Untracked 
| 179|0x000000070b300000, 0x000000070b300000, 0x000000070b400000|  0%| F|  |TAMS 0x000000070b300000, 0x000000070b300000| Untracked 
| 180|0x000000070b400000, 0x000000070b400000, 0x000000070b500000|  0%| F|  |TAMS 0x000000070b400000, 0x000000070b400000| Untracked 
| 181|0x000000070b500000, 0x000000070b500000, 0x000000070b600000|  0%| F|  |TAMS 0x000000070b500000, 0x000000070b500000| Untracked 
| 182|0x000000070b600000, 0x000000070b600000, 0x000000070b700000|  0%| F|  |TAMS 0x000000070b600000, 0x000000070b600000| Untracked 
| 183|0x000000070b700000, 0x000000070b700000, 0x000000070b800000|  0%| F|  |TAMS 0x000000070b700000, 0x000000070b700000| Untracked 
| 184|0x000000070b800000, 0x000000070b800000, 0x000000070b900000|  0%| F|  |TAMS 0x000000070b800000, 0x000000070b800000| Untracked 
| 185|0x000000070b900000, 0x000000070b900000, 0x000000070ba00000|  0%| F|  |TAMS 0x000000070b900000, 0x000000070b900000| Untracked 
| 186|0x000000070ba00000, 0x000000070ba00000, 0x000000070bb00000|  0%| F|  |TAMS 0x000000070ba00000, 0x000000070ba00000| Untracked 
| 187|0x000000070bb00000, 0x000000070bb00000, 0x000000070bc00000|  0%| F|  |TAMS 0x000000070bb00000, 0x000000070bb00000| Untracked 
| 188|0x000000070bc00000, 0x000000070bc00000, 0x000000070bd00000|  0%| F|  |TAMS 0x000000070bc00000, 0x000000070bc00000| Untracked 
| 189|0x000000070bd00000, 0x000000070bd00000, 0x000000070be00000|  0%| F|  |TAMS 0x000000070bd00000, 0x000000070bd00000| Untracked 
| 190|0x000000070be00000, 0x000000070be00000, 0x000000070bf00000|  0%| F|  |TAMS 0x000000070be00000, 0x000000070be00000| Untracked 
| 191|0x000000070bf00000, 0x000000070bf00000, 0x000000070c000000|  0%| F|  |TAMS 0x000000070bf00000, 0x000000070bf00000| Untracked 
| 192|0x000000070c000000, 0x000000070c000000, 0x000000070c100000|  0%| F|  |TAMS 0x000000070c000000, 0x000000070c000000| Untracked 
| 193|0x000000070c100000, 0x000000070c100000, 0x000000070c200000|  0%| F|  |TAMS 0x000000070c100000, 0x000000070c100000| Untracked 
| 194|0x000000070c200000, 0x000000070c200000, 0x000000070c300000|  0%| F|  |TAMS 0x000000070c200000, 0x000000070c200000| Untracked 
| 195|0x000000070c300000, 0x000000070c300000, 0x000000070c400000|  0%| F|  |TAMS 0x000000070c300000, 0x000000070c300000| Untracked 
| 196|0x000000070c400000, 0x000000070c400000, 0x000000070c500000|  0%| F|  |TAMS 0x000000070c400000, 0x000000070c400000| Untracked 
| 197|0x000000070c500000, 0x000000070c500000, 0x000000070c600000|  0%| F|  |TAMS 0x000000070c500000, 0x000000070c500000| Untracked 
| 198|0x000000070c600000, 0x000000070c600000, 0x000000070c700000|  0%| F|  |TAMS 0x000000070c600000, 0x000000070c600000| Untracked 
| 199|0x000000070c700000, 0x000000070c700000, 0x000000070c800000|  0%| F|  |TAMS 0x000000070c700000, 0x000000070c700000| Untracked 
| 200|0x000000070c800000, 0x000000070c800000, 0x000000070c900000|  0%| F|  |TAMS 0x000000070c800000, 0x000000070c800000| Untracked 
| 201|0x000000070c900000, 0x000000070c900000, 0x000000070ca00000|  0%| F|  |TAMS 0x000000070c900000, 0x000000070c900000| Untracked 
| 202|0x000000070ca00000, 0x000000070ca00000, 0x000000070cb00000|  0%| F|  |TAMS 0x000000070ca00000, 0x000000070ca00000| Untracked 
| 203|0x000000070cb00000, 0x000000070cb00000, 0x000000070cc00000|  0%| F|  |TAMS 0x000000070cb00000, 0x000000070cb00000| Untracked 
| 204|0x000000070cc00000, 0x000000070cc00000, 0x000000070cd00000|  0%| F|  |TAMS 0x000000070cc00000, 0x000000070cc00000| Untracked 
| 205|0x000000070cd00000, 0x000000070cd00000, 0x000000070ce00000|  0%| F|  |TAMS 0x000000070cd00000, 0x000000070cd00000| Untracked 
| 206|0x000000070ce00000, 0x000000070ce00000, 0x000000070cf00000|  0%| F|  |TAMS 0x000000070ce00000, 0x000000070ce00000| Untracked 
| 207|0x000000070cf00000, 0x000000070cf00000, 0x000000070d000000|  0%| F|  |TAMS 0x000000070cf00000, 0x000000070cf00000| Untracked 
| 208|0x000000070d000000, 0x000000070d000000, 0x000000070d100000|  0%| F|  |TAMS 0x000000070d000000, 0x000000070d000000| Untracked 
| 209|0x000000070d100000, 0x000000070d100000, 0x000000070d200000|  0%| F|  |TAMS 0x000000070d100000, 0x000000070d100000| Untracked 
| 210|0x000000070d200000, 0x000000070d200000, 0x000000070d300000|  0%| F|  |TAMS 0x000000070d200000, 0x000000070d200000| Untracked 
| 211|0x000000070d300000, 0x000000070d300000, 0x000000070d400000|  0%| F|  |TAMS 0x000000070d300000, 0x000000070d300000| Untracked 
| 212|0x000000070d400000, 0x000000070d400000, 0x000000070d500000|  0%| F|  |TAMS 0x000000070d400000, 0x000000070d400000| Untracked 
| 213|0x000000070d500000, 0x000000070d500000, 0x000000070d600000|  0%| F|  |TAMS 0x000000070d500000, 0x000000070d500000| Untracked 
| 214|0x000000070d600000, 0x000000070d600000, 0x000000070d700000|  0%| F|  |TAMS 0x000000070d600000, 0x000000070d600000| Untracked 
| 215|0x000000070d700000, 0x000000070d700000, 0x000000070d800000|  0%| F|  |TAMS 0x000000070d700000, 0x000000070d700000| Untracked 
| 216|0x000000070d800000, 0x000000070d800000, 0x000000070d900000|  0%| F|  |TAMS 0x000000070d800000, 0x000000070d800000| Untracked 
| 217|0x000000070d900000, 0x000000070d900000, 0x000000070da00000|  0%| F|  |TAMS 0x000000070d900000, 0x000000070d900000| Untracked 
| 218|0x000000070da00000, 0x000000070da00000, 0x000000070db00000|  0%| F|  |TAMS 0x000000070da00000, 0x000000070da00000| Untracked 
| 219|0x000000070db00000, 0x000000070db00000, 0x000000070dc00000|  0%| F|  |TAMS 0x000000070db00000, 0x000000070db00000| Untracked 
| 220|0x000000070dc00000, 0x000000070dc00000, 0x000000070dd00000|  0%| F|  |TAMS 0x000000070dc00000, 0x000000070dc00000| Untracked 
| 221|0x000000070dd00000, 0x000000070dd00000, 0x000000070de00000|  0%| F|  |TAMS 0x000000070dd00000, 0x000000070dd00000| Untracked 
| 222|0x000000070de00000, 0x000000070de00000, 0x000000070df00000|  0%| F|  |TAMS 0x000000070de00000, 0x000000070de00000| Untracked 
| 223|0x000000070df00000, 0x000000070df00000, 0x000000070e000000|  0%| F|  |TAMS 0x000000070df00000, 0x000000070df00000| Untracked 
| 224|0x000000070e000000, 0x000000070e000000, 0x000000070e100000|  0%| F|  |TAMS 0x000000070e000000, 0x000000070e000000| Untracked 
| 225|0x000000070e100000, 0x000000070e100000, 0x000000070e200000|  0%| F|  |TAMS 0x000000070e100000, 0x000000070e100000| Untracked 
| 226|0x000000070e200000, 0x000000070e200000, 0x000000070e300000|  0%| F|  |TAMS 0x000000070e200000, 0x000000070e200000| Untracked 
| 227|0x000000070e300000, 0x000000070e300000, 0x000000070e400000|  0%| F|  |TAMS 0x000000070e300000, 0x000000070e300000| Untracked 
| 228|0x000000070e400000, 0x000000070e400000, 0x000000070e500000|  0%| F|  |TAMS 0x000000070e400000, 0x000000070e400000| Untracked 
| 229|0x000000070e500000, 0x000000070e5cc308, 0x000000070e600000| 79%| S|CS|TAMS 0x000000070e500000, 0x000000070e500000| Complete 
| 230|0x000000070e600000, 0x000000070e700000, 0x000000070e700000|100%| S|CS|TAMS 0x000000070e600000, 0x000000070e600000| Complete 
| 231|0x000000070e700000, 0x000000070e800000, 0x000000070e800000|100%| S|CS|TAMS 0x000000070e700000, 0x000000070e700000| Complete 
| 232|0x000000070e800000, 0x000000070e800000, 0x000000070e900000|  0%| F|  |TAMS 0x000000070e800000, 0x000000070e800000| Untracked 
| 233|0x000000070e900000, 0x000000070e900000, 0x000000070ea00000|  0%| F|  |TAMS 0x000000070e900000, 0x000000070e900000| Untracked 
| 234|0x000000070ea00000, 0x000000070ea00000, 0x000000070eb00000|  0%| F|  |TAMS 0x000000070ea00000, 0x000000070ea00000| Untracked 
| 235|0x000000070eb00000, 0x000000070eb00000, 0x000000070ec00000|  0%| F|  |TAMS 0x000000070eb00000, 0x000000070eb00000| Untracked 
| 236|0x000000070ec00000, 0x000000070ed00000, 0x000000070ed00000|100%| E|  |TAMS 0x000000070ec00000, 0x000000070ec00000| Complete 
| 237|0x000000070ed00000, 0x000000070ee00000, 0x000000070ee00000|100%| E|CS|TAMS 0x000000070ed00000, 0x000000070ed00000| Complete 
| 238|0x000000070ee00000, 0x000000070ef00000, 0x000000070ef00000|100%| E|CS|TAMS 0x000000070ee00000, 0x000000070ee00000| Complete 
| 239|0x000000070ef00000, 0x000000070f000000, 0x000000070f000000|100%| E|CS|TAMS 0x000000070ef00000, 0x000000070ef00000| Complete 
| 240|0x000000070f000000, 0x000000070f100000, 0x000000070f100000|100%| E|CS|TAMS 0x000000070f000000, 0x000000070f000000| Complete 
| 241|0x000000070f100000, 0x000000070f200000, 0x000000070f200000|100%| E|CS|TAMS 0x000000070f100000, 0x000000070f100000| Complete 
| 242|0x000000070f200000, 0x000000070f300000, 0x000000070f300000|100%| E|CS|TAMS 0x000000070f200000, 0x000000070f200000| Complete 
| 243|0x000000070f300000, 0x000000070f400000, 0x000000070f400000|100%| E|CS|TAMS 0x000000070f300000, 0x000000070f300000| Complete 
| 244|0x000000070f400000, 0x000000070f500000, 0x000000070f500000|100%| E|CS|TAMS 0x000000070f400000, 0x000000070f400000| Complete 
| 245|0x000000070f500000, 0x000000070f600000, 0x000000070f600000|100%| E|CS|TAMS 0x000000070f500000, 0x000000070f500000| Complete 
| 246|0x000000070f600000, 0x000000070f700000, 0x000000070f700000|100%| E|CS|TAMS 0x000000070f600000, 0x000000070f600000| Complete 
| 247|0x000000070f700000, 0x000000070f800000, 0x000000070f800000|100%| E|CS|TAMS 0x000000070f700000, 0x000000070f700000| Complete 
| 248|0x000000070f800000, 0x000000070f900000, 0x000000070f900000|100%| E|CS|TAMS 0x000000070f800000, 0x000000070f800000| Complete 
| 249|0x000000070f900000, 0x000000070fa00000, 0x000000070fa00000|100%| E|CS|TAMS 0x000000070f900000, 0x000000070f900000| Complete 
| 250|0x000000070fa00000, 0x000000070fb00000, 0x000000070fb00000|100%| E|CS|TAMS 0x000000070fa00000, 0x000000070fa00000| Complete 
| 251|0x000000070fb00000, 0x000000070fc00000, 0x000000070fc00000|100%| E|CS|TAMS 0x000000070fb00000, 0x000000070fb00000| Complete 
| 252|0x000000070fc00000, 0x000000070fd00000, 0x000000070fd00000|100%| E|CS|TAMS 0x000000070fc00000, 0x000000070fc00000| Complete 
| 253|0x000000070fd00000, 0x000000070fe00000, 0x000000070fe00000|100%| E|CS|TAMS 0x000000070fd00000, 0x000000070fd00000| Complete 
| 254|0x000000070fe00000, 0x000000070ff00000, 0x000000070ff00000|100%| E|CS|TAMS 0x000000070fe00000, 0x000000070fe00000| Complete 
| 255|0x000000070ff00000, 0x0000000710000000, 0x0000000710000000|100%| E|CS|TAMS 0x000000070ff00000, 0x000000070ff00000| Complete 

Card table byte_map: [0x0000000119922000,0x000000011a122000] _byte_map_base: 0x0000000116122000

Marking Bits (Prev, Next): (CMBitMap*) 0x00007f9db503f018, (CMBitMap*) 0x00007f9db503f050
 Prev Bits: [0x000000012c502000, 0x0000000130502000)
 Next Bits: [0x0000000130502000, 0x0000000134502000)

Polling page: 0x000000010dfe6000

Metaspace:

Usage:
  Non-class:     13.35 MB capacity,    13.20 MB ( 99%) used,   140.60 KB (  1%) free+waste,    14.50 KB ( <1%) overhead. 
      Class:      1.06 MB capacity,     1.00 MB ( 95%) used,    53.18 KB (  5%) free+waste,     4.62 KB ( <1%) overhead. 
       Both:     14.41 MB capacity,    14.20 MB ( 99%) used,   193.78 KB (  1%) free+waste,    19.12 KB ( <1%) overhead. 

Virtual space:
  Non-class space:       14.00 MB reserved,      13.75 MB ( 98%) committed 
      Class space:        1.00 GB reserved,       1.12 MB ( <1%) committed 
             Both:        1.01 GB reserved,      14.88 MB (  1%) committed 

Chunk freelists:
   Non-Class:  219.00 KB
       Class:  2.00 KB
        Both:  221.00 KB

MaxMetaspaceSize: unlimited
CompressedClassSpaceSize: 1.00 GB
Initial GC threshold: 20.80 MB
Current GC threshold: 20.80 MB
CDS: off

CodeHeap 'non-profiled nmethods': size=120032Kb used=337Kb max_used=337Kb free=119694Kb
 bounds [0x0000000124fca000, 0x000000012523a000, 0x000000012c502000]
CodeHeap 'profiled nmethods': size=120028Kb used=1731Kb max_used=1731Kb free=118296Kb
 bounds [0x000000011da93000, 0x000000011dd03000, 0x0000000124fca000]
CodeHeap 'non-nmethods': size=5700Kb used=1799Kb max_used=1814Kb free=3900Kb
 bounds [0x000000011d502000, 0x000000011d772000, 0x000000011da93000]
 total_blobs=2213 nmethods=951 adapters=1176
 compilation: enabled
              stopped_count=0, restarted_count=0
 full_count=0

Compilation events (20 events):
Event: 0.943 Thread 0x00007f9db3019800  955       3       quevedo.soares.leandro.kmine.core.terrain.Cube::access$getBottomNormal$cp (4 bytes)
Event: 0.943 Thread 0x00007f9db3019800 nmethod 955 0x000000011dc40a10 code [0x000000011dc40bc0, 0x000000011dc40cb0]
Event: 0.943 Thread 0x00007f9db3019800  956       3       quevedo.soares.leandro.kmine.core.terrain.Cube$Companion::getTopFace (4 bytes)
Event: 0.943 Thread 0x00007f9db3019800 nmethod 956 0x000000011dc40d10 code [0x000000011dc40ec0, 0x000000011dc41010]
Event: 0.943 Thread 0x00007f9db3019800  957       3       quevedo.soares.leandro.kmine.core.terrain.Cube::access$getTopFace$cp (4 bytes)
Event: 0.943 Thread 0x00007f9db3019800 nmethod 957 0x000000011dc41110 code [0x000000011dc412c0, 0x000000011dc413b0]
Event: 0.943 Thread 0x00007f9db3019800  958       3       quevedo.soares.leandro.kmine.core.terrain.Cube$Companion::getTopNormal (4 bytes)
Event: 0.943 Thread 0x00007f9db3019800 nmethod 958 0x000000011dc41410 code [0x000000011dc415c0, 0x000000011dc41710]
Event: 0.944 Thread 0x00007f9db3019800  959       3       quevedo.soares.leandro.kmine.core.terrain.Cube$Companion::getRightFace (4 bytes)
Event: 0.944 Thread 0x00007f9db3019800 nmethod 959 0x000000011dc41810 code [0x000000011dc419c0, 0x000000011dc41b10]
Event: 0.944 Thread 0x00007f9db3019800  960       3       quevedo.soares.leandro.kmine.core.terrain.Cube::access$getRightFace$cp (4 bytes)
Event: 0.944 Thread 0x00007f9db3019800 nmethod 960 0x000000011dc41c10 code [0x000000011dc41dc0, 0x000000011dc41eb0]
Event: 0.944 Thread 0x00007f9db3019800  964       2       quevedo.soares.leandro.kmine.core.terrain.Cube$Companion::getRightNormal (4 bytes)
Event: 0.944 Thread 0x00007f9db3019800 nmethod 964 0x000000011dc41f10 code [0x000000011dc420c0, 0x000000011dc421b0]
Event: 0.944 Thread 0x00007f9db3019800  965       2       quevedo.soares.leandro.kmine.core.terrain.Cube::access$getRightNormal$cp (4 bytes)
Event: 0.945 Thread 0x00007f9db3019800 nmethod 965 0x000000011dc42290 code [0x000000011dc42440, 0x000000011dc42510]
Event: 0.960 Thread 0x00007f9db3019800  971   !   2       jdk.internal.loader.Resource::getBytes (242 bytes)
Event: 0.961 Thread 0x00007f9db3019800 nmethod 971 0x000000011dc42590 code [0x000000011dc42820, 0x000000011dc43600]
Event: 0.970 Thread 0x00007f9db6883000 nmethod 873% 0x0000000125018290 code [0x0000000125018600, 0x000000012501b878]
Event: 0.970 Thread 0x00007f9db6883000  951       4       com.badlogic.gdx.graphics.g2d.TextureAtlas::findRegion (56 bytes)

GC Heap History (2 events):
Event: 0.855 GC heap before
{Heap before GC invocations=0 (full 0):
 garbage-first heap   total 262144K, used 23552K [0x0000000700000000, 0x0000000800000000)
  region size 1024K, 24 young (24576K), 0 survivors (0K)
 Metaspace       used 13234K, capacity 13379K, committed 13824K, reserved 1062912K
  class space    used 923K, capacity 990K, committed 1024K, reserved 1048576K
}
Event: 0.858 GC heap after
{Heap after GC invocations=1 (full 0):
 garbage-first heap   total 262144K, used 2864K [0x0000000700000000, 0x0000000800000000)
  region size 1024K, 3 young (3072K), 3 survivors (3072K)
 Metaspace       used 13234K, capacity 13379K, committed 13824K, reserved 1062912K
  class space    used 923K, capacity 990K, committed 1024K, reserved 1048576K
}

Deoptimization events (20 events):
Event: 0.206 Thread 0x00007f9db380f800 DEOPT PACKING pc=0x000000011dabfa4f sp=0x00007ffee1c237a0
Event: 0.206 Thread 0x00007f9db380f800 DEOPT UNPACKING pc=0x000000011d54c64a sp=0x00007ffee1c22c48 mode 0
Event: 0.206 Thread 0x00007f9db380f800 DEOPT PACKING pc=0x000000011dabfa4f sp=0x00007ffee1c24c60
Event: 0.206 Thread 0x00007f9db380f800 DEOPT UNPACKING pc=0x000000011d54c64a sp=0x00007ffee1c24108 mode 0
Event: 0.281 Thread 0x00007f9db380f800 Uncommon trap: trap_request=0xffffff4d fr.pc=0x0000000124fcaf94 relative=0x0000000000000074
Event: 0.281 Thread 0x00007f9db380f800 Uncommon trap: reason=unstable_if action=reinterpret pc=0x0000000124fcaf94 method=java.lang.String.isLatin1()Z @ 10 c2
Event: 0.281 Thread 0x00007f9db380f800 DEOPT PACKING pc=0x0000000124fcaf94 sp=0x00007ffee1c25270
Event: 0.281 Thread 0x00007f9db380f800 DEOPT UNPACKING pc=0x000000011d54bea5 sp=0x00007ffee1c251d0 mode 2
Event: 0.301 Thread 0x00007f9db380f800 DEOPT PACKING pc=0x000000011dab8a08 sp=0x00007ffee1c25a00
Event: 0.301 Thread 0x00007f9db380f800 DEOPT UNPACKING pc=0x000000011d54c64a sp=0x00007ffee1c24e70 mode 0
Event: 0.465 Thread 0x00007f9db380f800 DEOPT PACKING pc=0x000000011dab95f0 sp=0x00007ffee1c23420
Event: 0.465 Thread 0x00007f9db380f800 DEOPT UNPACKING pc=0x000000011d54c64a sp=0x00007ffee1c22938 mode 0
Event: 0.702 Thread 0x00007f9db380f800 Uncommon trap: trap_request=0xffffff5c fr.pc=0x0000000125006100 relative=0x0000000000000060
Event: 0.702 Thread 0x00007f9db380f800 Uncommon trap: reason=speculate_null_assert action=make_not_entrant pc=0x0000000125006100 method=sun.misc.Unsafe.putLong(Ljava/lang/Object;JJ)V @ 7 c2
Event: 0.702 Thread 0x00007f9db380f800 DEOPT PACKING pc=0x0000000125006100 sp=0x00007ffee1c26f50
Event: 0.702 Thread 0x00007f9db380f800 DEOPT UNPACKING pc=0x000000011d54bea5 sp=0x00007ffee1c26ee8 mode 2
Event: 0.872 Thread 0x00007f9db380f800 Uncommon trap: trap_request=0xffffff4d fr.pc=0x0000000124ff6f8c relative=0x000000000000014c
Event: 0.872 Thread 0x00007f9db380f800 Uncommon trap: reason=unstable_if action=reinterpret pc=0x0000000124ff6f8c method=java.io.UnixFileSystem.normalize(Ljava/lang/String;)Ljava/lang/String; @ 60 c2
Event: 0.872 Thread 0x00007f9db380f800 DEOPT PACKING pc=0x0000000124ff6f8c sp=0x00007ffee1c26710
Event: 0.872 Thread 0x00007f9db380f800 DEOPT UNPACKING pc=0x000000011d54bea5 sp=0x00007ffee1c266c8 mode 2

Classes redefined (0 events):
No events

Internal exceptions (20 events):
Event: 0.431 Thread 0x00007f9db380f800 Exception <a 'sun/nio/fs/UnixException'{0x000000070f46d058}> (0x000000070f46d058) thrown at [./src/hotspot/share/prims/jni.cpp, line 615]
Event: 0.433 Thread 0x00007f9db380f800 Exception <a 'java/security/PrivilegedActionException'{0x000000070f492100}> (0x000000070f492100) thrown at [./src/hotspot/share/prims/jvm.cpp, line 1306]
Event: 0.433 Thread 0x00007f9db380f800 Exception <a 'java/security/PrivilegedActionException'{0x000000070f4923d0}> (0x000000070f4923d0) thrown at [./src/hotspot/share/prims/jvm.cpp, line 1306]
Event: 0.465 Thread 0x00007f9db380f800 Exception <a 'java/security/PrivilegedActionException'{0x000000070f4e6020}> (0x000000070f4e6020) thrown at [./src/hotspot/share/prims/jvm.cpp, line 1306]
Event: 0.465 Thread 0x00007f9db380f800 Exception <a 'java/security/PrivilegedActionException'{0x000000070f4e62f0}> (0x000000070f4e62f0) thrown at [./src/hotspot/share/prims/jvm.cpp, line 1306]
Event: 0.475 Thread 0x00007f9db380f800 Exception <a 'java/lang/NoSuchMethodError'{0x000000070f358070}: 'int java.lang.invoke.DirectMethodHandle$Holder.invokeSpecialIFC(java.lang.Object, java.lang.Object, int)'> (0x000000070f358070) thrown at [./src/hotspot/share/interpreter/linkResolver.cpp, line 773]
Event: 0.476 Thread 0x00007f9db380f800 Exception <a 'java/security/PrivilegedActionException'{0x000000070f3634b0}> (0x000000070f3634b0) thrown at [./src/hotspot/share/prims/jvm.cpp, line 1306]
Event: 0.476 Thread 0x00007f9db380f800 Exception <a 'java/security/PrivilegedActionException'{0x000000070f363780}> (0x000000070f363780) thrown at [./src/hotspot/share/prims/jvm.cpp, line 1306]
Event: 0.483 Thread 0x00007f9db380f800 Exception <a 'java/security/PrivilegedActionException'{0x000000070f21ba00}> (0x000000070f21ba00) thrown at [./src/hotspot/share/prims/jvm.cpp, line 1306]
Event: 0.483 Thread 0x00007f9db380f800 Exception <a 'java/security/PrivilegedActionException'{0x000000070f21bcd0}> (0x000000070f21bcd0) thrown at [./src/hotspot/share/prims/jvm.cpp, line 1306]
Event: 0.485 Thread 0x00007f9db380f800 Exception <a 'java/security/PrivilegedActionException'{0x000000070f237948}> (0x000000070f237948) thrown at [./src/hotspot/share/prims/jvm.cpp, line 1306]
Event: 0.485 Thread 0x00007f9db380f800 Exception <a 'java/security/PrivilegedActionException'{0x000000070f237c18}> (0x000000070f237c18) thrown at [./src/hotspot/share/prims/jvm.cpp, line 1306]
Event: 0.496 Thread 0x00007f9db380f800 Exception <a 'java/security/PrivilegedActionException'{0x000000070f2b7a88}> (0x000000070f2b7a88) thrown at [./src/hotspot/share/prims/jvm.cpp, line 1306]
Event: 0.496 Thread 0x00007f9db380f800 Exception <a 'java/security/PrivilegedActionException'{0x000000070f2b7d58}> (0x000000070f2b7d58) thrown at [./src/hotspot/share/prims/jvm.cpp, line 1306]
Event: 0.506 Thread 0x00007f9db380f800 Exception <a 'sun/nio/fs/UnixException'{0x000000070f1708d0}> (0x000000070f1708d0) thrown at [./src/hotspot/share/prims/jni.cpp, line 615]
Event: 0.606 Thread 0x00007f9db380f800 Exception <a 'sun/nio/fs/UnixException'{0x000000070f1e7380}> (0x000000070f1e7380) thrown at [./src/hotspot/share/prims/jni.cpp, line 615]
Event: 0.635 Thread 0x00007f9db380f800 Exception <a 'java/security/PrivilegedActionException'{0x000000070ef65df8}> (0x000000070ef65df8) thrown at [./src/hotspot/share/prims/jvm.cpp, line 1306]
Event: 0.635 Thread 0x00007f9db380f800 Exception <a 'java/security/PrivilegedActionException'{0x000000070ef660c8}> (0x000000070ef660c8) thrown at [./src/hotspot/share/prims/jvm.cpp, line 1306]
Event: 0.708 Thread 0x00007f9db380f800 Exception <a 'java/security/PrivilegedActionException'{0x000000070ec86a58}> (0x000000070ec86a58) thrown at [./src/hotspot/share/prims/jvm.cpp, line 1306]
Event: 0.708 Thread 0x00007f9db380f800 Exception <a 'java/security/PrivilegedActionException'{0x000000070ec86d28}> (0x000000070ec86d28) thrown at [./src/hotspot/share/prims/jvm.cpp, line 1306]

Events (20 events):
Event: 0.961 loading class com/badlogic/gdx/physics/bullet/collision/btMultimaterialTriangleMeshShape
Event: 0.961 loading class com/badlogic/gdx/physics/bullet/collision/btMultimaterialTriangleMeshShape done
Event: 0.961 loading class com/badlogic/gdx/physics/bullet/collision/btEmptyShape
Event: 0.961 loading class com/badlogic/gdx/physics/bullet/collision/btEmptyShape done
Event: 0.961 loading class com/badlogic/gdx/physics/bullet/collision/btStaticPlaneShape
Event: 0.961 loading class com/badlogic/gdx/physics/bullet/collision/btStaticPlaneShape done
Event: 0.962 loading class com/badlogic/gdx/physics/bullet/collision/btStridingMeshInterface
Event: 0.962 loading class com/badlogic/gdx/physics/bullet/collision/btStridingMeshInterface done
Event: 0.962 loading class com/badlogic/gdx/physics/bullet/collision/btTriangleIndexVertexArray
Event: 0.962 loading class com/badlogic/gdx/physics/bullet/collision/btTriangleIndexVertexArray done
Event: 0.963 loading class com/badlogic/gdx/physics/bullet/collision/btIndexedMesh
Event: 0.963 loading class com/badlogic/gdx/physics/bullet/collision/btIndexedMesh done
Event: 0.970 loading class com/badlogic/gdx/physics/bullet/linearmath/btDefaultMotionState
Event: 0.970 loading class com/badlogic/gdx/physics/bullet/linearmath/btDefaultMotionState done
Event: 0.971 loading class com/badlogic/gdx/physics/bullet/linearmath/btMotionState
Event: 0.971 loading class com/badlogic/gdx/physics/bullet/linearmath/btMotionState done
Event: 0.971 loading class com/badlogic/gdx/physics/bullet/dynamics/btRigidBody$btRigidBodyConstructionInfo
Event: 0.971 loading class com/badlogic/gdx/physics/bullet/dynamics/btRigidBody$btRigidBodyConstructionInfo done
Event: 0.972 loading class com/badlogic/gdx/physics/bullet/dynamics/btRigidBody
Event: 0.972 loading class com/badlogic/gdx/physics/bullet/dynamics/btRigidBody done


Dynamic libraries:
0x00007fff35029000 	/System/Library/Frameworks/Cocoa.framework/Versions/A/Cocoa
0x00007fff2236e000 	/System/Library/Frameworks/Security.framework/Versions/A/Security
0x00007fff33231000 	/System/Library/Frameworks/ApplicationServices.framework/Versions/A/ApplicationServices
0x00007fff2a5f0000 	/usr/lib/libz.1.dylib
0x000000010dfe8000 	/Applications/IntelliJ IDEA.app/Contents/jbr/Contents/Home/lib/jli/libjli.dylib
0x00007fff2a6b8000 	/usr/lib/libSystem.B.dylib
0x00007fff22d9f000 	/System/Library/Frameworks/AppKit.framework/Versions/C/AppKit
0x00007fff25c63000 	/System/Library/Frameworks/CoreData.framework/Versions/A/CoreData
0x00007fff21306000 	/System/Library/Frameworks/Foundation.framework/Versions/C/Foundation
0x00007fff23aeb000 	/System/Library/PrivateFrameworks/UIFoundation.framework/Versions/A/UIFoundation
0x00007fff2fceb000 	/System/Library/PrivateFrameworks/RemoteViewServices.framework/Versions/A/RemoteViewServices
0x00007fff28afc000 	/System/Library/PrivateFrameworks/XCTTargetBootstrap.framework/Versions/A/XCTTargetBootstrap
0x00007fff2b7e1000 	/usr/lib/libspindump.dylib
0x00007fff23d3a000 	/System/Library/Frameworks/UniformTypeIdentifiers.framework/Versions/A/UniformTypeIdentifiers
0x00007fff27300000 	/usr/lib/libapp_launch_measurement.dylib
0x00007fff27303000 	/System/Library/PrivateFrameworks/CoreAutoLayout.framework/Versions/A/CoreAutoLayout
0x00007fff28463000 	/System/Library/Frameworks/Metal.framework/Versions/A/Metal
0x00007fff29159000 	/usr/lib/liblangid.dylib
0x00007fff28b00000 	/System/Library/PrivateFrameworks/CoreSVG.framework/Versions/A/CoreSVG
0x00007fff24d7a000 	/System/Library/PrivateFrameworks/SkyLight.framework/Versions/A/SkyLight
0x00007fff250e0000 	/System/Library/Frameworks/CoreGraphics.framework/Versions/A/CoreGraphics
0x00007fff30212000 	/System/Library/Frameworks/Accelerate.framework/Versions/A/Accelerate
0x00007fff2b21f000 	/System/Library/PrivateFrameworks/IconServices.framework/Versions/A/IconServices
0x00007fff28447000 	/System/Library/Frameworks/IOSurface.framework/Versions/A/IOSurface
0x00007fff265eb000 	/usr/lib/libDiagnosticMessagesClient.dylib
0x00007fff28ae8000 	/System/Library/PrivateFrameworks/DFRFoundation.framework/Versions/A/DFRFoundation
0x00007fff226c6000 	/usr/lib/libicucore.A.dylib
0x00007fff2cd2a000 	/System/Library/Frameworks/AudioToolbox.framework/Versions/A/AudioToolbox
0x00007fff2bfb2000 	/System/Library/PrivateFrameworks/DataDetectorsCore.framework/Versions/A/DataDetectorsCore
0x00007fff24ced000 	/usr/lib/libMobileGestalt.dylib
0x00007fff287ec000 	/System/Library/Frameworks/Carbon.framework/Versions/A/Frameworks/HIToolbox.framework/Versions/A/HIToolbox
0x00007fff26d45000 	/System/Library/Frameworks/QuartzCore.framework/Versions/A/QuartzCore
0x00007fff2fd23000 	/System/Library/Frameworks/Carbon.framework/Versions/A/Frameworks/SpeechRecognition.framework/Versions/A/SpeechRecognition
0x00007fff27065000 	/System/Library/PrivateFrameworks/CoreUI.framework/Versions/A/CoreUI
0x00007fff21cdc000 	/System/Library/Frameworks/CoreAudio.framework/Versions/A/CoreAudio
0x00007fff266d6000 	/System/Library/Frameworks/DiskArbitration.framework/Versions/A/DiskArbitration
0x00007fff2bbaf000 	/System/Library/PrivateFrameworks/MultitouchSupport.framework/Versions/A/MultitouchSupport
0x00007fff2bfa9000 	/System/Library/PrivateFrameworks/InternationalSupport.framework/Versions/A/InternationalSupport
0x00007fff24cec000 	/usr/lib/libenergytrace.dylib
0x00007fff22c96000 	/System/Library/Frameworks/IOKit.framework/Versions/A/IOKit
0x00007fff30056000 	/System/Library/Frameworks/CoreServices.framework/Versions/A/CoreServices
0x00007fff27292000 	/System/Library/PrivateFrameworks/PerformanceAnalysis.framework/Versions/A/PerformanceAnalysis
0x00007fff6bbc1000 	/System/Library/Frameworks/OpenGL.framework/Versions/A/OpenGL
0x00007fff2c02d000 	/System/Library/PrivateFrameworks/UserActivity.framework/Versions/A/UserActivity
0x00007fff20377000 	/usr/lib/libobjc.A.dylib
0x00007fff2576a000 	/System/Library/Frameworks/ColorSync.framework/Versions/A/ColorSync
0x00007fff20557000 	/System/Library/Frameworks/CoreFoundation.framework/Versions/A/CoreFoundation
0x00007fff28d67000 	/System/Library/Frameworks/CoreImage.framework/Versions/A/CoreImage
0x00007fff21af6000 	/System/Library/Frameworks/CoreText.framework/Versions/A/CoreText
0x00007fff28b2a000 	/System/Library/Frameworks/ImageIO.framework/Versions/A/ImageIO
0x00007fff2a6be000 	/System/Library/PrivateFrameworks/SoftLinking.framework/Versions/A/SoftLinking
0x00007fff2734b000 	/usr/lib/libxml2.2.dylib
0x00007fff2043d000 	/usr/lib/libc++.1.dylib
0x00007fff2a92f000 	/usr/lib/libcompression.dylib
0x00007fff2bedb000 	/System/Library/PrivateFrameworks/TextureIO.framework/Versions/A/TextureIO
0x00007fff2af5e000 	/usr/lib/libate.dylib
0x00007fff2a6b2000 	/usr/lib/system/libcache.dylib
0x00007fff2a66e000 	/usr/lib/system/libcommonCrypto.dylib
0x00007fff2a698000 	/usr/lib/system/libcompiler_rt.dylib
0x00007fff2a68d000 	/usr/lib/system/libcopyfile.dylib
0x00007fff20267000 	/usr/lib/system/libcorecrypto.dylib
0x00007fff20332000 	/usr/lib/system/libdispatch.dylib
0x00007fff204e5000 	/usr/lib/system/libdyld.dylib
0x00007fff2a6a9000 	/usr/lib/system/libkeymgr.dylib
0x00007fff2dac1000 	/usr/lib/system/liblaunch.dylib
0x00007fff2a64c000 	/usr/lib/system/libmacho.dylib
0x00007fff29e44000 	/usr/lib/system/libquarantine.dylib
0x00007fff2a6a6000 	/usr/lib/system/libremovefile.dylib
0x00007fff24d4a000 	/usr/lib/system/libsystem_asl.dylib
0x00007fff20217000 	/usr/lib/system/libsystem_blocks.dylib
0x00007fff203b4000 	/usr/lib/system/libsystem_c.dylib
0x00007fff2a6a0000 	/usr/lib/system/libsystem_collections.dylib
0x00007fff2914a000 	/usr/lib/system/libsystem_configuration.dylib
0x00007fff28436000 	/usr/lib/system/libsystem_containermanager.dylib
0x00007fff2a3ef000 	/usr/lib/system/libsystem_coreservices.dylib
0x00007fff22926000 	/usr/lib/system/libsystem_darwin.dylib
0x00007fff2a6aa000 	/usr/lib/system/libsystem_dnssd.dylib
0x00007fff203b1000 	/usr/lib/system/libsystem_featureflags.dylib
0x00007fff2052b000 	/usr/lib/system/libsystem_info.dylib
0x00007fff2a603000 	/usr/lib/system/libsystem_m.dylib
0x00007fff20305000 	/usr/lib/system/libsystem_malloc.dylib
0x00007fff24cdd000 	/usr/lib/system/libsystem_networkextension.dylib
0x00007fff22d45000 	/usr/lib/system/libsystem_notify.dylib
0x00007fff2ff58000 	/usr/lib/system/libsystem_product_info_filter.dylib
0x00007fff2914e000 	/usr/lib/system/libsystem_sandbox.dylib
0x00007fff2a6a3000 	/usr/lib/system/libsystem_secinit.dylib
0x00007fff204a9000 	/usr/lib/system/libsystem_kernel.dylib
0x00007fff20521000 	/usr/lib/system/libsystem_platform.dylib
0x00007fff204d9000 	/usr/lib/system/libsystem_pthread.dylib
0x00007fff26427000 	/usr/lib/system/libsystem_symptoms.dylib
0x00007fff2024f000 	/usr/lib/system/libsystem_trace.dylib
0x00007fff2a67a000 	/usr/lib/system/libunwind.dylib
0x00007fff20219000 	/usr/lib/system/libxpc.dylib
0x00007fff20493000 	/usr/lib/libc++abi.dylib
0x00007fff2a685000 	/usr/lib/liboah.dylib
0x00007fff2ad43000 	/usr/lib/liblzma.5.dylib
0x00007fff2101a000 	/System/Library/Frameworks/SystemConfiguration.framework/Versions/A/SystemConfiguration
0x00007fff2a6ba000 	/usr/lib/libfakelink.dylib
0x00007fff2483e000 	/System/Library/Frameworks/CFNetwork.framework/Versions/A/CFNetwork
0x00007fff2a7fa000 	/usr/lib/libarchive.2.dylib
0x00007fff21098000 	/usr/lib/libCRFSuite.dylib
0x00007fff29e6b000 	/usr/lib/libbsm.0.dylib
0x00007fff241b7000 	/usr/lib/libnetwork.dylib
0x00007fff2a6bf000 	/usr/lib/libpcap.A.dylib
0x00007fff26420000 	/usr/lib/libdns_services.dylib
0x00007fff2ad5c000 	/usr/lib/libcoretls_cfhelpers.dylib
0x00007fff2a8f9000 	/usr/lib/libapple_nghttp2.dylib
0x00007fff2a652000 	/usr/lib/system/libkxld.dylib
0x00007fff26099000 	/usr/lib/libsqlite3.dylib
0x00007fff2a3d2000 	/System/Library/PrivateFrameworks/AppleFSCompression.framework/Versions/A/AppleFSCompression
0x00007fff29e53000 	/usr/lib/libcoretls.dylib
0x00007fff2a92a000 	/usr/lib/libpam.2.dylib
0x00007fff2ae5a000 	/usr/lib/libxar.1.dylib
0x00007fff29155000 	/System/Library/PrivateFrameworks/AppleSystemInfo.framework/Versions/A/AppleSystemInfo
0x00007fff29a95000 	/System/Library/PrivateFrameworks/IOMobileFramebuffer.framework/Versions/A/IOMobileFramebuffer
0x00007fff2a3e2000 	/usr/lib/libbz2.1.0.dylib
0x00007fff2a6f7000 	/usr/lib/libiconv.2.dylib
0x00007fff2a64b000 	/usr/lib/libcharset.1.dylib
0x00007fff272ce000 	/System/Library/Frameworks/CoreServices.framework/Versions/A/Frameworks/FSEvents.framework/Versions/A/FSEvents
0x00007fff22930000 	/System/Library/Frameworks/CoreServices.framework/Versions/A/Frameworks/CarbonCore.framework/Versions/A/CarbonCore
0x00007fff2663b000 	/System/Library/Frameworks/CoreServices.framework/Versions/A/Frameworks/Metadata.framework/Versions/A/Metadata
0x00007fff2a3f4000 	/System/Library/Frameworks/CoreServices.framework/Versions/A/Frameworks/OSServices.framework/Versions/A/OSServices
0x00007fff2a86c000 	/System/Library/Frameworks/CoreServices.framework/Versions/A/Frameworks/SearchKit.framework/Versions/A/SearchKit
0x00007fff263ab000 	/System/Library/Frameworks/CoreServices.framework/Versions/A/Frameworks/AE.framework/Versions/A/AE
0x00007fff209f5000 	/System/Library/Frameworks/CoreServices.framework/Versions/A/Frameworks/LaunchServices.framework/Versions/A/LaunchServices
0x00007fff2acf3000 	/System/Library/Frameworks/CoreServices.framework/Versions/A/Frameworks/DictionaryServices.framework/Versions/A/DictionaryServices
0x00007fff272db000 	/System/Library/Frameworks/CoreServices.framework/Versions/A/Frameworks/SharedFileList.framework/Versions/A/SharedFileList
0x00007fff29e47000 	/usr/lib/libCheckFix.dylib
0x00007fff24d61000 	/System/Library/PrivateFrameworks/TCC.framework/Versions/A/TCC
0x00007fff2915b000 	/System/Library/PrivateFrameworks/CoreNLP.framework/Versions/A/CoreNLP
0x00007fff265ee000 	/System/Library/PrivateFrameworks/MetadataUtilities.framework/Versions/A/MetadataUtilities
0x00007fff210cd000 	/usr/lib/libmecabra.dylib
0x00007fff2a151000 	/System/Library/Frameworks/MLCompute.framework/Versions/A/MLCompute
0x00007fff29e7c000 	/usr/lib/libmecab.dylib
0x00007fff29ec6000 	/usr/lib/libgermantok.dylib
0x00007fff2a8d4000 	/usr/lib/libThaiTokenizer.dylib
0x00007fff2ae95000 	/usr/lib/libChineseTokenizer.dylib
0x00007fff2a928000 	/System/Library/Frameworks/MetalPerformanceShaders.framework/Versions/A/MetalPerformanceShaders
0x00007fff266dd000 	/System/Library/Frameworks/Accelerate.framework/Versions/A/Frameworks/vImage.framework/Versions/A/vImage
0x00007fff30030000 	/System/Library/Frameworks/Accelerate.framework/Versions/A/Frameworks/vecLib.framework/Versions/A/vecLib
0x00007fff2aea0000 	/System/Library/Frameworks/Accelerate.framework/Versions/A/Frameworks/vecLib.framework/Versions/A/libvMisc.dylib
0x00007fff298b0000 	/System/Library/Frameworks/Accelerate.framework/Versions/A/Frameworks/vecLib.framework/Versions/A/libvDSP.dylib
0x00007fff20d00000 	/System/Library/Frameworks/Accelerate.framework/Versions/A/Frameworks/vecLib.framework/Versions/A/libBLAS.dylib
0x00007fff2a955000 	/System/Library/Frameworks/Accelerate.framework/Versions/A/Frameworks/vecLib.framework/Versions/A/libLAPACK.dylib
0x00007fff29ecc000 	/System/Library/Frameworks/Accelerate.framework/Versions/A/Frameworks/vecLib.framework/Versions/A/libLinearAlgebra.dylib
0x00007fff2a911000 	/System/Library/Frameworks/Accelerate.framework/Versions/A/Frameworks/vecLib.framework/Versions/A/libSparseBLAS.dylib
0x00007fff2a94f000 	/System/Library/Frameworks/Accelerate.framework/Versions/A/Frameworks/vecLib.framework/Versions/A/libQuadrature.dylib
0x00007fff29207000 	/System/Library/Frameworks/Accelerate.framework/Versions/A/Frameworks/vecLib.framework/Versions/A/libBNNS.dylib
0x00007fff20fab000 	/System/Library/Frameworks/Accelerate.framework/Versions/A/Frameworks/vecLib.framework/Versions/A/libSparse.dylib
0x00007fff290e3000 	/System/Library/Frameworks/MetalPerformanceShaders.framework/Versions/A/Frameworks/MPSCore.framework/Versions/A/MPSCore
0x00007fff2a341000 	/System/Library/Frameworks/MetalPerformanceShaders.framework/Versions/A/Frameworks/MPSImage.framework/Versions/A/MPSImage
0x00007fff29ee2000 	/System/Library/Frameworks/MetalPerformanceShaders.framework/Versions/A/Frameworks/MPSNeuralNetwork.framework/Versions/A/MPSNeuralNetwork
0x00007fff2a2b3000 	/System/Library/Frameworks/MetalPerformanceShaders.framework/Versions/A/Frameworks/MPSMatrix.framework/Versions/A/MPSMatrix
0x00007fff2a101000 	/System/Library/Frameworks/MetalPerformanceShaders.framework/Versions/A/Frameworks/MPSRayIntersector.framework/Versions/A/MPSRayIntersector
0x00007fff2a2ea000 	/System/Library/Frameworks/MetalPerformanceShaders.framework/Versions/A/Frameworks/MPSNDArray.framework/Versions/A/MPSNDArray
0x00007fff20c2b000 	/System/Library/PrivateFrameworks/MetalTools.framework/Versions/A/MetalTools
0x00007fff29153000 	/System/Library/PrivateFrameworks/AggregateDictionary.framework/Versions/A/AggregateDictionary
0x00007fff265bb000 	/System/Library/PrivateFrameworks/CoreAnalytics.framework/Versions/A/CoreAnalytics
0x00007fff2a8d6000 	/System/Library/PrivateFrameworks/AppleSauce.framework/Versions/A/AppleSauce
0x00007fff28459000 	/System/Library/PrivateFrameworks/IOAccelerator.framework/Versions/A/IOAccelerator
0x00007fff6bbb5000 	/System/Library/Frameworks/OpenGL.framework/Versions/A/Libraries/libCoreFSCache.dylib
0x00007fff21665000 	/System/Library/PrivateFrameworks/LanguageModeling.framework/Versions/A/LanguageModeling
0x00007fff29a83000 	/System/Library/PrivateFrameworks/CoreEmoji.framework/Versions/A/CoreEmoji
0x00007fff29200000 	/System/Library/PrivateFrameworks/LinguisticData.framework/Versions/A/LinguisticData
0x00007fff20f5d000 	/System/Library/PrivateFrameworks/Lexicon.framework/Versions/A/Lexicon
0x00007fff2a7e8000 	/usr/lib/libcmph.dylib
0x00007fff272ae000 	/System/Library/Frameworks/OpenDirectory.framework/Versions/A/Frameworks/CFOpenDirectory.framework/Versions/A/CFOpenDirectory
0x00007fff2729e000 	/System/Library/Frameworks/OpenDirectory.framework/Versions/A/OpenDirectory
0x00007fff2ad5e000 	/System/Library/PrivateFrameworks/APFS.framework/Versions/A/APFS
0x00007fff29da9000 	/System/Library/Frameworks/SecurityFoundation.framework/Versions/A/SecurityFoundation
0x00007fff2ae68000 	/usr/lib/libutil.dylib
0x00007fff22c5b000 	/System/Library/PrivateFrameworks/CoreServicesStore.framework/Versions/A/CoreServicesStore
0x00007fff29e3f000 	/System/Library/Frameworks/ServiceManagement.framework/Versions/A/ServiceManagement
0x00007fff2ae6c000 	/usr/lib/libxslt.1.dylib
0x00007fff29e35000 	/System/Library/PrivateFrameworks/BackgroundTaskManagement.framework/Versions/A/BackgroundTaskManagement
0x00007fff2be25000 	/System/Library/Frameworks/ImageIO.framework/Versions/A/Resources/libRadiance.dylib
0x00007fff2be2f000 	/System/Library/Frameworks/ImageIO.framework/Versions/A/Resources/libJPEG.dylib
0x00007fff2bd79000 	/System/Library/Frameworks/ImageIO.framework/Versions/A/Resources/libPng.dylib
0x00007fff2bda0000 	/System/Library/Frameworks/ImageIO.framework/Versions/A/Resources/libTIFF.dylib
0x00007fff2be84000 	/System/Library/Frameworks/ImageIO.framework/Versions/A/Resources/libGIF.dylib
0x00007fff2bacb000 	/System/Library/Frameworks/ImageIO.framework/Versions/A/Resources/libJP2.dylib
0x00007fff2b1e7000 	/usr/lib/libexpat.1.dylib
0x00007fff2ba81000 	/System/Library/PrivateFrameworks/AppleJPEG.framework/Versions/A/AppleJPEG
0x00007fff2868f000 	/System/Library/PrivateFrameworks/FontServices.framework/libFontParser.dylib
0x00007fff26362000 	/System/Library/PrivateFrameworks/RunningBoardServices.framework/Versions/A/RunningBoardServices
0x00007fff2bbab000 	/System/Library/PrivateFrameworks/WatchdogClient.framework/Versions/A/WatchdogClient
0x00007fff2174e000 	/System/Library/Frameworks/CoreDisplay.framework/Versions/A/CoreDisplay
0x00007fff285a4000 	/System/Library/Frameworks/CoreMedia.framework/Versions/A/CoreMedia
0x00007fff2742e000 	/System/Library/Frameworks/CoreVideo.framework/Versions/A/CoreVideo
0x00007fff2bbe6000 	/System/Library/Frameworks/VideoToolbox.framework/Versions/A/VideoToolbox
0x00007fff262e2000 	/System/Library/PrivateFrameworks/BaseBoard.framework/Versions/A/BaseBoard
0x00007fff2b32b000 	/System/Library/PrivateFrameworks/PersistentConnection.framework/Versions/A/PersistentConnection
0x00007fff26083000 	/System/Library/PrivateFrameworks/ProtocolBuffer.framework/Versions/A/ProtocolBuffer
0x00007fff262ca000 	/System/Library/PrivateFrameworks/CommonUtilities.framework/Versions/A/CommonUtilities
0x00007fff2ba44000 	/System/Library/PrivateFrameworks/Bom.framework/Versions/A/Bom
0x00007fff2be1d000 	/System/Library/PrivateFrameworks/GPUWrangler.framework/Versions/A/GPUWrangler
0x00007fff2be00000 	/System/Library/PrivateFrameworks/IOPresentment.framework/Versions/A/IOPresentment
0x00007fff2be29000 	/System/Library/PrivateFrameworks/DSExternalDisplay.framework/Versions/A/DSExternalDisplay
0x00007fff2be89000 	/System/Library/PrivateFrameworks/CMCaptureCore.framework/Versions/A/CMCaptureCore
0x00007fff2b7c7000 	/System/Library/PrivateFrameworks/AppServerSupport.framework/Versions/A/AppServerSupport
0x00007fff2d864000 	/System/Library/PrivateFrameworks/perfdata.framework/Versions/A/perfdata
0x00007fff29d98000 	/System/Library/PrivateFrameworks/AssertionServices.framework/Versions/A/AssertionServices
0x00007fff21885000 	/System/Library/PrivateFrameworks/AudioToolboxCore.framework/Versions/A/AudioToolboxCore
0x00007fff28587000 	/System/Library/PrivateFrameworks/caulk.framework/Versions/A/caulk
0x00007fff3cd10000 	/System/Library/PrivateFrameworks/SystemPolicy.framework/Versions/A/SystemPolicy
0x00007fff2aff6000 	/usr/lib/libIOReport.dylib
0x00007fff2d0a0000 	/usr/lib/libSMC.dylib
0x00007fff2bd45000 	/usr/lib/libAudioToolboxUtility.dylib
0x00007fff3d66d000 	/usr/lib/libmis.dylib
0x00007fff6bc11000 	/System/Library/Frameworks/OpenGL.framework/Versions/A/Libraries/libGLU.dylib
0x00007fff6bbd4000 	/System/Library/Frameworks/OpenGL.framework/Versions/A/Libraries/libGFXShared.dylib
0x00007fff6bde2000 	/System/Library/Frameworks/OpenGL.framework/Versions/A/Libraries/libGL.dylib
0x00007fff6bbdd000 	/System/Library/Frameworks/OpenGL.framework/Versions/A/Libraries/libGLImage.dylib
0x00007fff6bbd1000 	/System/Library/Frameworks/OpenGL.framework/Versions/A/Libraries/libCVMSPluginSupport.dylib
0x00007fff6bbbc000 	/System/Library/Frameworks/OpenGL.framework/Versions/A/Libraries/libCoreVMClient.dylib
0x00007fff6d22c000 	/System/Library/Frameworks/OpenCL.framework/Versions/A/OpenCL
0x00007fff2b354000 	/System/Library/PrivateFrameworks/GraphVisualizer.framework/Versions/A/GraphVisualizer
0x00007fff2b363000 	/System/Library/PrivateFrameworks/FaceCore.framework/Versions/A/FaceCore
0x00007fff2b77f000 	/System/Library/PrivateFrameworks/OTSVG.framework/Versions/A/OTSVG
0x00007fff27023000 	/System/Library/Frameworks/ApplicationServices.framework/Versions/A/Frameworks/ATS.framework/Versions/A/Resources/libFontRegistry.dylib
0x00007fff2b7ce000 	/System/Library/PrivateFrameworks/FontServices.framework/libhvf.dylib
0x00007fff2b193000 	/System/Library/PrivateFrameworks/AppleVA.framework/Versions/A/AppleVA
0x00007fff2cee8000 	/System/Library/Frameworks/ApplicationServices.framework/Versions/A/Frameworks/ATS.framework/Versions/A/ATS
0x00007fff2d1fb000 	/System/Library/Frameworks/ApplicationServices.framework/Versions/A/Frameworks/ColorSyncLegacy.framework/Versions/A/ColorSyncLegacy
0x00007fff25861000 	/System/Library/Frameworks/ApplicationServices.framework/Versions/A/Frameworks/HIServices.framework/Versions/A/HIServices
0x00007fff2d1e0000 	/System/Library/Frameworks/ApplicationServices.framework/Versions/A/Frameworks/LangAnalysis.framework/Versions/A/LangAnalysis
0x00007fff2be93000 	/System/Library/Frameworks/ApplicationServices.framework/Versions/A/Frameworks/PrintCore.framework/Versions/A/PrintCore
0x00007fff2d203000 	/System/Library/Frameworks/ApplicationServices.framework/Versions/A/Frameworks/QD.framework/Versions/A/QD
0x00007fff2ced8000 	/System/Library/Frameworks/ApplicationServices.framework/Versions/A/Frameworks/SpeechSynthesis.framework/Versions/A/SpeechSynthesis
0x00007fff2be54000 	/System/Library/Frameworks/ApplicationServices.framework/Versions/A/Frameworks/ATSUI.framework/Versions/A/ATSUI
0x00007fff2d180000 	/usr/lib/libcups.2.dylib
0x00007fff2d1f0000 	/System/Library/PrivateFrameworks/NetAuth.framework/Versions/A/NetAuth
0x00007fff2d87f000 	/System/Library/Frameworks/Kerberos.framework/Versions/A/Kerberos
0x00007fff2d88f000 	/System/Library/Frameworks/GSS.framework/Versions/A/GSS
0x00007fff2cf55000 	/usr/lib/libresolv.9.dylib
0x00007fff2b7e4000 	/System/Library/PrivateFrameworks/Heimdal.framework/Versions/A/Heimdal
0x00007fff33546000 	/System/Library/Frameworks/Kerberos.framework/Versions/A/Libraries/libHeimdalProxy.dylib
0x00007fff2642f000 	/System/Library/Frameworks/Network.framework/Versions/A/Network
0x00007fff2b200000 	/usr/lib/libheimdal-asn1.dylib
0x00007fff2d8e0000 	/System/Library/PrivateFrameworks/CommonAuth.framework/Versions/A/CommonAuth
0x00007fff2747c000 	/System/Library/PrivateFrameworks/login.framework/Versions/A/Frameworks/loginsupport.framework/Versions/A/loginsupport
0x00007fff2ce5f000 	/System/Library/PrivateFrameworks/AudioSession.framework/Versions/A/AudioSession
0x00007fff2cec5000 	/usr/lib/libAudioStatistics.dylib
0x00007fff2b28c000 	/System/Library/PrivateFrameworks/MediaExperience.framework/Versions/A/MediaExperience
0x00007fff2ccf8000 	/System/Library/PrivateFrameworks/AudioSession.framework/libSessionUtility.dylib
0x00007fff2d870000 	/usr/lib/libperfcheck.dylib
0x00007fff2d20f000 	/System/Library/PrivateFrameworks/AudioResourceArbitration.framework/Versions/A/AudioResourceArbitration
0x00007fff2b20a000 	/System/Library/PrivateFrameworks/IconFoundation.framework/Versions/A/IconFoundation
0x00007fff2fd13000 	/System/Library/PrivateFrameworks/SpeechRecognitionCore.framework/Versions/A/SpeechRecognitionCore
0x0000000114800000 	/Applications/IntelliJ IDEA.app/Contents/jbr/Contents/Home/lib/server/libjvm.dylib
0x000000010e018000 	/Applications/IntelliJ IDEA.app/Contents/jbr/Contents/Home/lib/libverify.dylib
0x000000010e029000 	/Applications/IntelliJ IDEA.app/Contents/jbr/Contents/Home/lib/libjava.dylib
0x000000010e055000 	/Applications/IntelliJ IDEA.app/Contents/jbr/Contents/Home/lib/libjimage.dylib
0x000000010e0a9000 	/Applications/IntelliJ IDEA.app/Contents/jbr/Contents/Home/lib/libzip.dylib
0x000000010e3b2000 	/Applications/IntelliJ IDEA.app/Contents/jbr/Contents/Home/lib/libnio.dylib
0x000000010e3c5000 	/Applications/IntelliJ IDEA.app/Contents/jbr/Contents/Home/lib/libnet.dylib
0x000000010e3de000 	/private/var/folders/86/4g7mbgzj1lx72x58bs3h64lh0000gp/T/libgdxleandroquevedo/ccbdf3b/libgdx64.dylib
0x000000010e416000 	/private/var/folders/86/4g7mbgzj1lx72x58bs3h64lh0000gp/T/lwjglleandroquevedo/3.2.3-build-13/liblwjgl.dylib
0x000000010e43e000 	/private/var/folders/86/4g7mbgzj1lx72x58bs3h64lh0000gp/T/lwjglleandroquevedo/3.2.3-build-13/libjemalloc.dylib
0x000000010e6ac000 	/private/var/folders/86/4g7mbgzj1lx72x58bs3h64lh0000gp/T/lwjglleandroquevedo/3.2.3-build-13/libglfw.dylib
0x00007fff22c1c000 	/System/Library/PrivateFrameworks/CoreServicesInternal.framework/Versions/A/CoreServicesInternal
0x00007fff3109a000 	/System/Library/Frameworks/FileProvider.framework/Versions/A/FileProvider
0x00007fff2624d000 	/System/Library/Frameworks/Accounts.framework/Versions/A/Accounts
0x00007fff311ea000 	/System/Library/PrivateFrameworks/GenerationalStorage.framework/Versions/A/GenerationalStorage
0x00007fff31b84000 	/System/Library/PrivateFrameworks/CoreSymbolication.framework/Versions/A/CoreSymbolication
0x00007fff30aba000 	/System/Library/PrivateFrameworks/SymptomDiagnosticReporter.framework/Versions/A/SymptomDiagnosticReporter
0x00007fff23d4d000 	/System/Library/PrivateFrameworks/DesktopServicesPriv.framework/Versions/A/DesktopServicesPriv
0x00007fff22d51000 	/usr/lib/libsandbox.1.dylib
0x00007fff274a7000 	/System/Library/PrivateFrameworks/UserManagement.framework/Versions/A/UserManagement
0x00007fff29d75000 	/System/Library/PrivateFrameworks/MobileKeyBag.framework/Versions/A/MobileKeyBag
0x00007fff345c9000 	/System/Library/PrivateFrameworks/ChunkingLibrary.framework/Versions/A/ChunkingLibrary
0x00007fff31b48000 	/System/Library/PrivateFrameworks/DebugSymbols.framework/Versions/A/DebugSymbols
0x00007fff2e2a3000 	/System/Library/PrivateFrameworks/Sharing.framework/Versions/A/Sharing
0x00007fff32b48000 	/System/Library/PrivateFrameworks/Apple80211.framework/Versions/A/Apple80211
0x00007fff2a422000 	/System/Library/PrivateFrameworks/AuthKit.framework/Versions/A/AuthKit
0x00007fff29b73000 	/System/Library/PrivateFrameworks/CoreUtils.framework/Versions/A/CoreUtils
0x00007fff29aa0000 	/System/Library/Frameworks/CoreWLAN.framework/Versions/A/CoreWLAN
0x00007fff2e3ef000 	/System/Library/Frameworks/IOBluetooth.framework/Versions/A/IOBluetooth
0x00007fff32bac000 	/System/Library/PrivateFrameworks/CoreWiFi.framework/Versions/A/CoreWiFi
0x00007fff2d966000 	/System/Library/PrivateFrameworks/CorePhoneNumbers.framework/Versions/A/CorePhoneNumbers
0x00007fff30bc1000 	/System/Library/PrivateFrameworks/DiskManagement.framework/Versions/A/DiskManagement
0x00007fff30ad7000 	/System/Library/PrivateFrameworks/AppleIDAuthSupport.framework/Versions/A/AppleIDAuthSupport
0x00007fff2d946000 	/System/Library/PrivateFrameworks/KeychainCircle.framework/Versions/A/KeychainCircle
0x00007fff30b8d000 	/System/Library/PrivateFrameworks/MediaKit.framework/Versions/A/MediaKit
0x00007fff30ae4000 	/System/Library/Frameworks/DiscRecording.framework/Versions/A/DiscRecording
0x00007fff2b107000 	/usr/lib/libCoreStorage.dylib
0x00007fff32fe7000 	/usr/lib/libcsfde.dylib
0x00007fff2e52a000 	/System/Library/PrivateFrameworks/ProtectedCloudStorage.framework/Versions/A/ProtectedCloudStorage
0x00007fff32fdf000 	/System/Library/PrivateFrameworks/EFILogin.framework/Versions/A/EFILogin
0x00007fff335f9000 	/System/Library/Frameworks/AudioUnit.framework/Versions/A/AudioUnit
0x00007fff30a54000 	/System/Library/Frameworks/CoreBluetooth.framework/Versions/A/CoreBluetooth
0x00007fff2b0ff000 	/usr/lib/libMatch.1.dylib
0x000000011d252000 	/usr/lib/libobjc-trampolines.dylib
0x000000011d29d000 	/private/var/folders/86/4g7mbgzj1lx72x58bs3h64lh0000gp/T/lwjglleandroquevedo/3.2.3-build-13/libopenal.dylib
0x00000001379af000 	/System/Library/Components/CoreAudio.component/Contents/MacOS/CoreAudio
0x00007fff271a6000 	/System/Library/PrivateFrameworks/ViewBridge.framework/Versions/A/ViewBridge
0x00007fff41334000 	/System/Library/Frameworks/Accelerate.framework/Versions/A/Frameworks/vImage.framework/Versions/A/Libraries/libCGInterfaces.dylib
0x00007fff2b8a5000 	/System/Library/PrivateFrameworks/login.framework/Versions/A/login
0x00007fff6bded000 	/System/Library/Frameworks/OpenGL.framework/Versions/A/Resources/GLEngine.bundle/GLEngine
0x00007fff6bc4e000 	/System/Library/Frameworks/OpenGL.framework/Versions/A/Libraries/libGLProgrammability.dylib
0x00007fff5efd1000 	/System/Library/Extensions/AppleIntelKBLGraphicsGLDriver.bundle/Contents/MacOS/AppleIntelKBLGraphicsGLDriver
0x00007fff46427000 	/System/Library/PrivateFrameworks/GPUSupport.framework/Versions/A/Libraries/libGPUSupportMercury.dylib
0x00000001391b0000 	/System/Library/Extensions/AMDRadeonX6000GLDriver.bundle/Contents/MacOS/AMDRadeonX6000GLDriver
0x00007fff6e1ce000 	/System/Library/Extensions/AMDRadeonX6000GLDriver.bundle/Contents/MacOS/ATIRadeonX6000SCLib.dylib
0x00007fff5e239000 	/System/Library/Extensions/AMDShared.bundle/Contents/PlugIns/libSC.dylib
0x00007fff6bf6b000 	/System/Library/Frameworks/OpenGL.framework/Versions/A/Resources/GLRendererFloat.bundle/GLRendererFloat
0x000000013a8ce000 	/private/var/folders/86/4g7mbgzj1lx72x58bs3h64lh0000gp/T/lwjglleandroquevedo/3.2.3-build-13/liblwjgl_opengl.dylib
0x000000013b49c000 	/private/var/folders/86/4g7mbgzj1lx72x58bs3h64lh0000gp/T/libgdxleandroquevedo/df6e81a5/libgdx-bullet64.dylib


VM Arguments:
jvm_args: -Dfile.encoding=UTF-8 -Duser.country=BR -Duser.language=en -Duser.variant 
java_command: quevedo.soares.leandro.kmine.desktop.DesktopLauncher
java_class_path (initial): /Users/leandroquevedo/Documents/Projects/kmine/desktop/build/classes/java/main:/Users/leandroquevedo/Documents/Projects/kmine/desktop/build/classes/kotlin/main:/Users/leandroquevedo/Documents/Projects/kmine/desktop/build/resources/main:/Users/leandroquevedo/Documents/Projects/kmine/core/build/libs/core.jar:/Users/leandroquevedo/.gradle/caches/modules-2/files-2.1/org.jetbrains.kotlin/kotlin-stdlib/1.4.20/9be77b243a362b745e365f286627b8724337009c/kotlin-stdlib-1.4.20.jar:/Users/leandroquevedo/.gradle/caches/modules-2/files-2.1/com.badlogicgames.gdx/gdx-backend-lwjgl3/1.10.0/600c7d5b2c977daa82c4abad147087b31e0ada87/gdx-backend-lwjgl3-1.10.0.jar:/Users/leandroquevedo/.gradle/caches/modules-2/files-2.1/com.badlogicgames.gdx/gdx-platform/1.10.0/9a8fa793d2fd6d360afc6c9e4c1f5583da263b88/gdx-platform-1.10.0-natives-desktop.jar:/Users/leandroquevedo/.gradle/caches/modules-2/files-2.1/com.badlogicgames.gdx/gdx-freetype-platform/1.10.0/6e5d28752759e69384f12e4569d2c884ff71352f/gdx-freetype-platform-1.10.0-natives-desktop.jar:/Users/leandroquevedo/.gradle/caches/modules-2/files-2.1/com.badlogicgames.gdx/gdx-bullet-platform/1.10.0/ce92e8dfc762523d769cbc50853163c03bf98cf1/gdx-bullet-platform-1.10.0-natives-desktop.jar:/Users/leandroquevedo/.gradle/caches/modules-2/files-2.1/com.badlogicgames.gdx/gdx-tools/1.10.0/d699cf4953fb42a071c7c3feb9b5c45601aa6a4b/gdx-tools-1.10.0.jar:/Users/leandroquevedo/.gradle/caches/modules-2/files-2.1/com.badlogicgames.gdx/gdx-freetype/1.10.0/de1d0d5c1e92e8d91364256fd6b7bb279d3e9859/gdx-freetype-1.10.0.jar:/Users/leandroquevedo/.gradle/caches/modules-2/files-2.1/com.badlogicgames.gdx/gdx-bullet/1.10.0/839b58c7278f5c3b55291c3a559d91227400ecdb/gdx-bullet-1.10.0.jar:/Users/leandroquevedo/.gradle/caches/modules-2/files-2.1/com.badlogicgames.gdx/gdx-backend-lwjgl/1.10.0/58ff89d9e4fd8a82591367f187d606e781cacc05/gdx-backend-lwjgl-1.10.0.jar:/Users/leandroquevedo/.gradle/caches/modules-2/files-2.1/com.badlogicgames.gdx/gdx-backend-hea
Launcher Type: SUN_STANDARD

[Global flags]
     intx CICompilerCount                          = 4                                         {product} {ergonomic}
     uint ConcGCThreads                            = 3                                         {product} {ergonomic}
     uint G1ConcRefinementThreads                  = 10                                        {product} {ergonomic}
   size_t G1HeapRegionSize                         = 1048576                                   {product} {ergonomic}
    uintx GCDrainStackTargetSize                   = 64                                        {product} {ergonomic}
   size_t InitialHeapSize                          = 268435456                                 {product} {ergonomic}
   size_t MarkStackSize                            = 4194304                                   {product} {ergonomic}
   size_t MaxHeapSize                              = 4294967296                                {product} {ergonomic}
   size_t MaxNewSize                               = 2576351232                                {product} {ergonomic}
   size_t MinHeapDeltaBytes                        = 1048576                                   {product} {ergonomic}
    uintx NonNMethodCodeHeapSize                   = 5836300                                {pd product} {ergonomic}
    uintx NonProfiledCodeHeapSize                  = 122910970                              {pd product} {ergonomic}
    uintx ProfiledCodeHeapSize                     = 122910970                              {pd product} {ergonomic}
    uintx ReservedCodeCacheSize                    = 251658240                              {pd product} {ergonomic}
     bool SegmentedCodeCache                       = true                                      {product} {ergonomic}
     bool UseCompressedClassPointers               = true                                 {lp64_product} {ergonomic}
     bool UseCompressedOops                        = true                                 {lp64_product} {ergonomic}
     bool UseG1GC                                  = true                                      {product} {ergonomic}

Logging:
Log output configuration:
 #0: stdout all=warning uptime,level,tags
 #1: stderr all=off uptime,level,tags

Environment Variables:
PATH=/usr/local/bin:/usr/bin:/bin:/usr/sbin:/sbin:/Users/leandroquevedo/Library/Android/sdk/platform-tools/
SHELL=/bin/zsh
LC_CTYPE=en_US.UTF-8

Signal Handlers:
SIGSEGV: [libjvm.dylib+0x7651aa], sa_mask[0]=11111111011111110111111111111111, sa_flags=SA_ONSTACK|SA_RESTART|SA_SIGINFO
SIGBUS: [libjvm.dylib+0x7651aa], sa_mask[0]=11111111011111110111111111111111, sa_flags=SA_RESTART|SA_SIGINFO
SIGFPE: [libjvm.dylib+0x7651aa], sa_mask[0]=11111111011111110111111111111111, sa_flags=SA_RESTART|SA_SIGINFO
SIGPIPE: [libjvm.dylib+0x61fe1e], sa_mask[0]=11111111011111110111111111111111, sa_flags=SA_RESTART|SA_SIGINFO
SIGXFSZ: [libjvm.dylib+0x61fe1e], sa_mask[0]=11111111011111110111111111111111, sa_flags=SA_RESTART|SA_SIGINFO
SIGILL: [libjvm.dylib+0x7651aa], sa_mask[0]=11111111011111110111111111111111, sa_flags=SA_RESTART|SA_SIGINFO
SIGUSR2: [libjvm.dylib+0x620403], sa_mask[0]=00100000000000000000000000000000, sa_flags=SA_RESTART|SA_SIGINFO
SIGHUP: [libjvm.dylib+0x61ef15], sa_mask[0]=11111111011111110111111111111111, sa_flags=SA_RESTART|SA_SIGINFO
SIGINT: [libjvm.dylib+0x61ef15], sa_mask[0]=11111111011111110111111111111111, sa_flags=SA_RESTART|SA_SIGINFO
SIGTERM: [libjvm.dylib+0x61ef15], sa_mask[0]=11111111011111110111111111111111, sa_flags=SA_RESTART|SA_SIGINFO
SIGQUIT: [libjvm.dylib+0x61ef15], sa_mask[0]=11111111011111110111111111111111, sa_flags=SA_RESTART|SA_SIGINFO


---------------  S Y S T E M  ---------------

OS:uname:Darwin 20.6.0 Darwin Kernel Version 20.6.0: Wed Jun 23 00:26:31 PDT 2021; root:xnu-7195.141.2~5/RELEASE_X86_64 x86_64
OS uptime: 24 days 5:06 hours
rlimit (soft/hard): STACK 8192k/65532k , CORE 0k/infinity , NPROC 2784/4176 , NOFILE 10240/infinity , AS infinity/infinity , CPU infinity/infinity , DATA infinity/infinity , FSIZE infinity/infinity , MEMLOCK infinity/infinity , RSS infinity/infinity
load average:3.53 2.98 2.90

CPU:total 12 (initial active 12) (6 cores per cpu, 2 threads per core) family 6 model 158 stepping 10 microcode 0xea, cmov, cx8, fxsr, mmx, sse, sse2, sse3, ssse3, sse4.1, sse4.2, popcnt, avx, avx2, aes, clmul, erms, 3dnowpref, lzcnt, ht, tsc, tscinvbit, bmi1, bmi2, adx, fma

Memory: 4k page, physical 16777216k(223784k free), swap 6291456k(865536k free)

vm_info: OpenJDK 64-Bit Server VM (11.0.12+7-b1504.28) for bsd-amd64 JRE (11.0.12+7-b1504.28), built on Sep  3 2021 00:07:34 by "builduser" with gcc 4.2.1 Compatible Apple LLVM 9.1.0 (clang-902.0.39.2)

END.
